{"C:\\Users\\DEV2\\Documents\\Projeto Final\\Fipe-project-backend\\src\\config\\auth.ts": {"path":"C:\\Users\\DEV2\\Documents\\Projeto Final\\Fipe-project-backend\\src\\config\\auth.ts","statementMap":{"0":{"start":{"line":1,"column":0},"end":{"line":1,"column":28}},"1":{"start":{"line":3,"column":0},"end":{"line":3,"column":16}},"2":{"start":{"line":6,"column":0},"end":{"line":13,"column":2}}},"fnMap":{},"branchMap":{"0":{"loc":{"start":{"line":7,"column":18},"end":{"line":7,"column":48}},"type":"binary-expr","locations":[{"start":{"line":7,"column":18},"end":{"line":7,"column":42}},{"start":{"line":7,"column":46},"end":{"line":7,"column":48}}]},"1":{"loc":{"start":{"line":8,"column":26},"end":{"line":8,"column":64}},"type":"binary-expr","locations":[{"start":{"line":8,"column":26},"end":{"line":8,"column":58}},{"start":{"line":8,"column":62},"end":{"line":8,"column":64}}]}},"s":{"0":30,"1":30,"2":30},"f":{},"b":{"0":[30,0],"1":[30,0]}}
,"C:\\Users\\DEV2\\Documents\\Projeto Final\\Fipe-project-backend\\src\\modules\\brands\\infra\\prisma\\repositories\\brandsRepository.ts": {"path":"C:\\Users\\DEV2\\Documents\\Projeto Final\\Fipe-project-backend\\src\\modules\\brands\\infra\\prisma\\repositories\\brandsRepository.ts","statementMap":{"0":{"start":{"line":1,"column":0},"end":{"line":1,"column":60}},"1":{"start":{"line":10,"column":8},"end":{"line":10,"column":65}},"2":{"start":{"line":14,"column":8},"end":{"line":14,"column":36}},"3":{"start":{"line":15,"column":8},"end":{"line":18,"column":24}},"4":{"start":{"line":21,"column":8},"end":{"line":28,"column":null}},"5":{"start":{"line":32,"column":8},"end":{"line":34,"column":24}},"6":{"start":{"line":38,"column":8},"end":{"line":40,"column":26}},"7":{"start":{"line":44,"column":8},"end":{"line":52,"column":26}},"8":{"start":{"line":7,"column":0},"end":{"line":7,"column":13}}},"fnMap":{"0":{"name":"(anonymous_7)","decl":{"start":{"line":9,"column":10},"end":{"line":9,"column":16}},"loc":{"start":{"line":9,"column":37},"end":{"line":11,"column":null}}},"1":{"name":"(anonymous_9)","decl":{"start":{"line":13,"column":10},"end":{"line":13,"column":16}},"loc":{"start":{"line":13,"column":37},"end":{"line":19,"column":null}}},"2":{"name":"(anonymous_11)","decl":{"start":{"line":20,"column":10},"end":{"line":20,"column":16}},"loc":{"start":{"line":20,"column":46},"end":{"line":29,"column":null}}},"3":{"name":"(anonymous_13)","decl":{"start":{"line":31,"column":10},"end":{"line":31,"column":18}},"loc":{"start":{"line":31,"column":29},"end":{"line":35,"column":null}}},"4":{"name":"(anonymous_15)","decl":{"start":{"line":37,"column":10},"end":{"line":37,"column":28}},"loc":{"start":{"line":37,"column":41},"end":{"line":41,"column":null}}},"5":{"name":"(anonymous_17)","decl":{"start":{"line":43,"column":10},"end":{"line":43,"column":14}},"loc":{"start":{"line":43,"column":45},"end":{"line":53,"column":null}}}},"branchMap":{},"s":{"0":4,"1":0,"2":0,"3":0,"4":0,"5":0,"6":0,"7":0,"8":4},"f":{"0":0,"1":0,"2":0,"3":0,"4":0,"5":0},"b":{}}
,"C:\\Users\\DEV2\\Documents\\Projeto Final\\Fipe-project-backend\\src\\modules\\brands\\useCases\\createBrands\\CreateBrandController.ts": {"path":"C:\\Users\\DEV2\\Documents\\Projeto Final\\Fipe-project-backend\\src\\modules\\brands\\useCases\\createBrands\\CreateBrandController.ts","statementMap":{"0":{"start":{"line":3,"column":0},"end":{"line":3,"column":37}},"1":{"start":{"line":4,"column":0},"end":{"line":4,"column":58}},"2":{"start":{"line":8,"column":8},"end":{"line":16,"column":9}},"3":{"start":{"line":9,"column":41},"end":{"line":9,"column":53}},"4":{"start":{"line":10,"column":28},"end":{"line":10,"column":63}},"5":{"start":{"line":11,"column":39},"end":{"line":11,"column":76}},"6":{"start":{"line":12,"column":12},"end":{"line":12,"column":null}},"7":{"start":{"line":13,"column":12},"end":{"line":13,"column":null}},"8":{"start":{"line":15,"column":12},"end":{"line":15,"column":null}},"9":{"start":{"line":6,"column":0},"end":{"line":6,"column":13}}},"fnMap":{"0":{"name":"(anonymous_7)","decl":{"start":{"line":7,"column":10},"end":{"line":7,"column":16}},"loc":{"start":{"line":7,"column":53},"end":{"line":17,"column":null}}}},"branchMap":{"0":{"loc":{"start":{"line":10,"column":28},"end":{"line":10,"column":63}},"type":"binary-expr","locations":[{"start":{"line":10,"column":28},"end":{"line":10,"column":57}},{"start":{"line":10,"column":61},"end":{"line":10,"column":63}}]}},"s":{"0":1,"1":1,"2":2,"3":2,"4":2,"5":2,"6":2,"7":1,"8":1,"9":1},"f":{"0":2},"b":{"0":[2,0]}}
,"C:\\Users\\DEV2\\Documents\\Projeto Final\\Fipe-project-backend\\src\\modules\\brands\\useCases\\createBrands\\CreateBrandUseCase.ts": {"path":"C:\\Users\\DEV2\\Documents\\Projeto Final\\Fipe-project-backend\\src\\modules\\brands\\useCases\\createBrands\\CreateBrandUseCase.ts","statementMap":{"0":{"start":{"line":1,"column":0},"end":{"line":1,"column":46}},"1":{"start":{"line":2,"column":0},"end":{"line":2,"column":84}},"2":{"start":{"line":5,"column":0},"end":{"line":5,"column":60}},"3":{"start":{"line":8,"column":7},"end":{"line":24,"column":null}},"4":{"start":{"line":11,"column":16},"end":{"line":11,"column":34}},"5":{"start":{"line":14,"column":28},"end":{"line":14,"column":85}},"6":{"start":{"line":15,"column":8},"end":{"line":17,"column":9}},"7":{"start":{"line":16,"column":12},"end":{"line":16,"column":null}},"8":{"start":{"line":19,"column":26},"end":{"line":19,"column":46}},"9":{"start":{"line":20,"column":8},"end":{"line":20,"column":null}},"10":{"start":{"line":22,"column":8},"end":{"line":22,"column":null}},"11":{"start":{"line":8,"column":13},"end":{"line":8,"column":31}},"12":{"start":{"line":8,"column":13},"end":{"line":24,"column":null}}},"fnMap":{"0":{"name":"(anonymous_11)","decl":{"start":{"line":9,"column":4},"end":{"line":9,"column":null}},"loc":{"start":{"line":11,"column":50},"end":{"line":12,"column":7}}},"1":{"name":"(anonymous_12)","decl":{"start":{"line":13,"column":10},"end":{"line":13,"column":17}},"loc":{"start":{"line":13,"column":55},"end":{"line":23,"column":null}}}},"branchMap":{"0":{"loc":{"start":{"line":15,"column":8},"end":{"line":17,"column":9}},"type":"if","locations":[{"start":{"line":15,"column":8},"end":{"line":17,"column":9}}]}},"s":{"0":2,"1":2,"2":2,"3":2,"4":2,"5":2,"6":2,"7":1,"8":1,"9":1,"10":1,"11":2,"12":2},"f":{"0":2,"1":2},"b":{"0":[1]}}
,"C:\\Users\\DEV2\\Documents\\Projeto Final\\Fipe-project-backend\\src\\modules\\brands\\useCases\\deleteBrands\\DeleteBrandController.ts": {"path":"C:\\Users\\DEV2\\Documents\\Projeto Final\\Fipe-project-backend\\src\\modules\\brands\\useCases\\deleteBrands\\DeleteBrandController.ts","statementMap":{"0":{"start":{"line":2,"column":0},"end":{"line":2,"column":37}},"1":{"start":{"line":3,"column":0},"end":{"line":3,"column":58}},"2":{"start":{"line":7,"column":8},"end":{"line":15,"column":9}},"3":{"start":{"line":8,"column":25},"end":{"line":8,"column":39}},"4":{"start":{"line":9,"column":28},"end":{"line":9,"column":63}},"5":{"start":{"line":10,"column":39},"end":{"line":10,"column":76}},"6":{"start":{"line":11,"column":12},"end":{"line":11,"column":null}},"7":{"start":{"line":12,"column":12},"end":{"line":12,"column":null}},"8":{"start":{"line":14,"column":12},"end":{"line":14,"column":null}},"9":{"start":{"line":5,"column":0},"end":{"line":5,"column":13}}},"fnMap":{"0":{"name":"(anonymous_7)","decl":{"start":{"line":6,"column":10},"end":{"line":6,"column":16}},"loc":{"start":{"line":6,"column":53},"end":{"line":16,"column":2}}}},"branchMap":{"0":{"loc":{"start":{"line":9,"column":28},"end":{"line":9,"column":63}},"type":"binary-expr","locations":[{"start":{"line":9,"column":28},"end":{"line":9,"column":57}},{"start":{"line":9,"column":61},"end":{"line":9,"column":63}}]}},"s":{"0":1,"1":1,"2":2,"3":2,"4":2,"5":2,"6":2,"7":1,"8":1,"9":1},"f":{"0":2},"b":{"0":[2,0]}}
,"C:\\Users\\DEV2\\Documents\\Projeto Final\\Fipe-project-backend\\src\\modules\\brands\\useCases\\deleteBrands\\DeleteBrandUseCase.ts": {"path":"C:\\Users\\DEV2\\Documents\\Projeto Final\\Fipe-project-backend\\src\\modules\\brands\\useCases\\deleteBrands\\DeleteBrandUseCase.ts","statementMap":{"0":{"start":{"line":1,"column":0},"end":{"line":1,"column":46}},"1":{"start":{"line":3,"column":0},"end":{"line":3,"column":60}},"2":{"start":{"line":6,"column":7},"end":{"line":23,"column":null}},"3":{"start":{"line":9,"column":16},"end":{"line":9,"column":51}},"4":{"start":{"line":13,"column":28},"end":{"line":13,"column":68}},"5":{"start":{"line":14,"column":8},"end":{"line":16,"column":9}},"6":{"start":{"line":15,"column":12},"end":{"line":15,"column":null}},"7":{"start":{"line":18,"column":26},"end":{"line":18,"column":46}},"8":{"start":{"line":20,"column":8},"end":{"line":20,"column":null}},"9":{"start":{"line":6,"column":13},"end":{"line":6,"column":31}},"10":{"start":{"line":6,"column":13},"end":{"line":23,"column":null}}},"fnMap":{"0":{"name":"(anonymous_11)","decl":{"start":{"line":7,"column":4},"end":{"line":7,"column":null}},"loc":{"start":{"line":9,"column":51},"end":{"line":10,"column":7}}},"1":{"name":"(anonymous_12)","decl":{"start":{"line":12,"column":10},"end":{"line":12,"column":17}},"loc":{"start":{"line":12,"column":45},"end":{"line":22,"column":null}}}},"branchMap":{"0":{"loc":{"start":{"line":14,"column":8},"end":{"line":16,"column":9}},"type":"if","locations":[{"start":{"line":14,"column":8},"end":{"line":16,"column":9}}]}},"s":{"0":2,"1":2,"2":2,"3":2,"4":2,"5":2,"6":1,"7":1,"8":1,"9":2,"10":2},"f":{"0":2,"1":2},"b":{"0":[1]}}
,"C:\\Users\\DEV2\\Documents\\Projeto Final\\Fipe-project-backend\\src\\modules\\brands\\useCases\\listBrands\\ListBrandController.ts": {"path":"C:\\Users\\DEV2\\Documents\\Projeto Final\\Fipe-project-backend\\src\\modules\\brands\\useCases\\listBrands\\ListBrandController.ts","statementMap":{"0":{"start":{"line":2,"column":0},"end":{"line":2,"column":37}},"1":{"start":{"line":3,"column":0},"end":{"line":3,"column":55}},"2":{"start":{"line":8,"column":8},"end":{"line":15,"column":9}},"3":{"start":{"line":9,"column":47},"end":{"line":9,"column":92}},"4":{"start":{"line":10,"column":37},"end":{"line":10,"column":72}},"5":{"start":{"line":11,"column":27},"end":{"line":11,"column":73}},"6":{"start":{"line":12,"column":12},"end":{"line":12,"column":88}},"7":{"start":{"line":14,"column":12},"end":{"line":14,"column":75}},"8":{"start":{"line":6,"column":0},"end":{"line":6,"column":13}}},"fnMap":{"0":{"name":"(anonymous_7)","decl":{"start":{"line":7,"column":10},"end":{"line":7,"column":16}},"loc":{"start":{"line":7,"column":53},"end":{"line":17,"column":null}}}},"branchMap":{"0":{"loc":{"start":{"line":9,"column":20},"end":{"line":9,"column":28}},"type":"default-arg","locations":[{"start":{"line":9,"column":27},"end":{"line":9,"column":28}}]},"1":{"loc":{"start":{"line":9,"column":30},"end":{"line":9,"column":43}},"type":"default-arg","locations":[{"start":{"line":9,"column":41},"end":{"line":9,"column":43}}]}},"s":{"0":1,"1":1,"2":2,"3":2,"4":2,"5":2,"6":1,"7":1,"8":1},"f":{"0":2},"b":{"0":[0],"1":[0]}}
,"C:\\Users\\DEV2\\Documents\\Projeto Final\\Fipe-project-backend\\src\\modules\\brands\\useCases\\listBrands\\ListBrandsUseCase.ts": {"path":"C:\\Users\\DEV2\\Documents\\Projeto Final\\Fipe-project-backend\\src\\modules\\brands\\useCases\\listBrands\\ListBrandsUseCase.ts","statementMap":{"0":{"start":{"line":1,"column":0},"end":{"line":1,"column":46}},"1":{"start":{"line":7,"column":7},"end":{"line":16,"column":null}},"2":{"start":{"line":10,"column":16},"end":{"line":10,"column":51}},"3":{"start":{"line":13,"column":23},"end":{"line":13,"column":71}},"4":{"start":{"line":14,"column":8},"end":{"line":14,"column":22}},"5":{"start":{"line":7,"column":13},"end":{"line":7,"column":29}},"6":{"start":{"line":7,"column":13},"end":{"line":16,"column":null}}},"fnMap":{"0":{"name":"(anonymous_11)","decl":{"start":{"line":8,"column":4},"end":{"line":8,"column":null}},"loc":{"start":{"line":10,"column":51},"end":{"line":11,"column":7}}},"1":{"name":"(anonymous_12)","decl":{"start":{"line":12,"column":10},"end":{"line":12,"column":17}},"loc":{"start":{"line":12,"column":48},"end":{"line":15,"column":null}}}},"branchMap":{},"s":{"0":2,"1":2,"2":2,"3":2,"4":2,"5":2,"6":2},"f":{"0":2,"1":2},"b":{}}
,"C:\\Users\\DEV2\\Documents\\Projeto Final\\Fipe-project-backend\\src\\modules\\brands\\useCases\\updateBrands\\UpdateBrandController.ts": {"path":"C:\\Users\\DEV2\\Documents\\Projeto Final\\Fipe-project-backend\\src\\modules\\brands\\useCases\\updateBrands\\UpdateBrandController.ts","statementMap":{"0":{"start":{"line":2,"column":0},"end":{"line":2,"column":37}},"1":{"start":{"line":3,"column":0},"end":{"line":3,"column":58}},"2":{"start":{"line":9,"column":8},"end":{"line":20,"column":9}},"3":{"start":{"line":10,"column":25},"end":{"line":10,"column":39}},"4":{"start":{"line":11,"column":41},"end":{"line":11,"column":53}},"5":{"start":{"line":12,"column":12},"end":{"line":12,"column":null}},"6":{"start":{"line":13,"column":28},"end":{"line":13,"column":63}},"7":{"start":{"line":14,"column":39},"end":{"line":14,"column":76}},"8":{"start":{"line":15,"column":12},"end":{"line":15,"column":60}},"9":{"start":{"line":16,"column":12},"end":{"line":16,"column":null}},"10":{"start":{"line":19,"column":12},"end":{"line":19,"column":null}},"11":{"start":{"line":7,"column":0},"end":{"line":7,"column":13}}},"fnMap":{"0":{"name":"(anonymous_7)","decl":{"start":{"line":8,"column":10},"end":{"line":8,"column":16}},"loc":{"start":{"line":8,"column":53},"end":{"line":21,"column":null}}}},"branchMap":{"0":{"loc":{"start":{"line":13,"column":28},"end":{"line":13,"column":63}},"type":"binary-expr","locations":[{"start":{"line":13,"column":28},"end":{"line":13,"column":57}},{"start":{"line":13,"column":61},"end":{"line":13,"column":63}}]}},"s":{"0":1,"1":1,"2":2,"3":2,"4":2,"5":2,"6":2,"7":2,"8":2,"9":1,"10":1,"11":1},"f":{"0":2},"b":{"0":[2,0]}}
,"C:\\Users\\DEV2\\Documents\\Projeto Final\\Fipe-project-backend\\src\\modules\\brands\\useCases\\updateBrands\\UpdateBrandUseCase.ts": {"path":"C:\\Users\\DEV2\\Documents\\Projeto Final\\Fipe-project-backend\\src\\modules\\brands\\useCases\\updateBrands\\UpdateBrandUseCase.ts","statementMap":{"0":{"start":{"line":1,"column":0},"end":{"line":1,"column":46}},"1":{"start":{"line":2,"column":0},"end":{"line":2,"column":60}},"2":{"start":{"line":3,"column":0},"end":{"line":3,"column":84}},"3":{"start":{"line":7,"column":7},"end":{"line":24,"column":null}},"4":{"start":{"line":10,"column":16},"end":{"line":10,"column":34}},"5":{"start":{"line":13,"column":28},"end":{"line":13,"column":73}},"6":{"start":{"line":14,"column":8},"end":{"line":16,"column":9}},"7":{"start":{"line":15,"column":12},"end":{"line":15,"column":null}},"8":{"start":{"line":18,"column":28},"end":{"line":18,"column":48}},"9":{"start":{"line":19,"column":8},"end":{"line":19,"column":null}},"10":{"start":{"line":22,"column":8},"end":{"line":22,"column":null}},"11":{"start":{"line":7,"column":13},"end":{"line":7,"column":31}},"12":{"start":{"line":7,"column":13},"end":{"line":24,"column":null}}},"fnMap":{"0":{"name":"(anonymous_11)","decl":{"start":{"line":8,"column":4},"end":{"line":8,"column":null}},"loc":{"start":{"line":10,"column":50},"end":{"line":11,"column":7}}},"1":{"name":"(anonymous_12)","decl":{"start":{"line":12,"column":10},"end":{"line":12,"column":17}},"loc":{"start":{"line":12,"column":55},"end":{"line":23,"column":null}}}},"branchMap":{"0":{"loc":{"start":{"line":14,"column":8},"end":{"line":16,"column":9}},"type":"if","locations":[{"start":{"line":14,"column":8},"end":{"line":16,"column":9}}]}},"s":{"0":2,"1":2,"2":2,"3":2,"4":2,"5":2,"6":2,"7":1,"8":1,"9":1,"10":1,"11":2,"12":2},"f":{"0":2,"1":2},"b":{"0":[1]}}
,"C:\\Users\\DEV2\\Documents\\Projeto Final\\Fipe-project-backend\\src\\modules\\fuelTypes\\infra\\prisma\\repositories\\FuelTypesRepository.ts": {"path":"C:\\Users\\DEV2\\Documents\\Projeto Final\\Fipe-project-backend\\src\\modules\\fuelTypes\\infra\\prisma\\repositories\\FuelTypesRepository.ts","statementMap":{"0":{"start":{"line":1,"column":0},"end":{"line":1,"column":60}},"1":{"start":{"line":10,"column":8},"end":{"line":12,"column":28}},"2":{"start":{"line":16,"column":8},"end":{"line":23,"column":null}},"3":{"start":{"line":27,"column":8},"end":{"line":27,"column":36}},"4":{"start":{"line":28,"column":8},"end":{"line":31,"column":null}},"5":{"start":{"line":35,"column":27},"end":{"line":37,"column":10}},"6":{"start":{"line":38,"column":8},"end":{"line":38,"column":null}},"7":{"start":{"line":42,"column":27},"end":{"line":48,"column":10}},"8":{"start":{"line":49,"column":8},"end":{"line":49,"column":25}},"9":{"start":{"line":53,"column":8},"end":{"line":61,"column":30}},"10":{"start":{"line":8,"column":0},"end":{"line":8,"column":13}}},"fnMap":{"0":{"name":"(anonymous_7)","decl":{"start":{"line":9,"column":10},"end":{"line":9,"column":16}},"loc":{"start":{"line":9,"column":41},"end":{"line":13,"column":null}}},"1":{"name":"(anonymous_9)","decl":{"start":{"line":15,"column":10},"end":{"line":15,"column":16}},"loc":{"start":{"line":15,"column":45},"end":{"line":24,"column":null}}},"2":{"name":"(anonymous_11)","decl":{"start":{"line":26,"column":10},"end":{"line":26,"column":16}},"loc":{"start":{"line":26,"column":41},"end":{"line":32,"column":null}}},"3":{"name":"(anonymous_13)","decl":{"start":{"line":34,"column":10},"end":{"line":34,"column":18}},"loc":{"start":{"line":34,"column":29},"end":{"line":39,"column":null}}},"4":{"name":"(anonymous_15)","decl":{"start":{"line":41,"column":10},"end":{"line":41,"column":30}},"loc":{"start":{"line":41,"column":55},"end":{"line":50,"column":null}}},"5":{"name":"(anonymous_17)","decl":{"start":{"line":52,"column":10},"end":{"line":52,"column":14}},"loc":{"start":{"line":52,"column":45},"end":{"line":62,"column":null}}}},"branchMap":{},"s":{"0":2,"1":0,"2":0,"3":0,"4":0,"5":0,"6":0,"7":0,"8":0,"9":0,"10":2},"f":{"0":0,"1":0,"2":0,"3":0,"4":0,"5":0},"b":{}}
,"C:\\Users\\DEV2\\Documents\\Projeto Final\\Fipe-project-backend\\src\\modules\\fuelTypes\\useCases\\createFuelTypes\\CreateFuelTypesController.ts": {"path":"C:\\Users\\DEV2\\Documents\\Projeto Final\\Fipe-project-backend\\src\\modules\\fuelTypes\\useCases\\createFuelTypes\\CreateFuelTypesController.ts","statementMap":{"0":{"start":{"line":1,"column":0},"end":{"line":1,"column":37}},"1":{"start":{"line":4,"column":0},"end":{"line":4,"column":65}},"2":{"start":{"line":9,"column":8},"end":{"line":17,"column":9}},"3":{"start":{"line":10,"column":45},"end":{"line":10,"column":57}},"4":{"start":{"line":11,"column":28},"end":{"line":11,"column":63}},"5":{"start":{"line":12,"column":42},"end":{"line":12,"column":82}},"6":{"start":{"line":13,"column":12},"end":{"line":13,"column":63}},"7":{"start":{"line":14,"column":12},"end":{"line":14,"column":79}},"8":{"start":{"line":16,"column":12},"end":{"line":16,"column":87}},"9":{"start":{"line":7,"column":0},"end":{"line":7,"column":13}}},"fnMap":{"0":{"name":"(anonymous_7)","decl":{"start":{"line":8,"column":10},"end":{"line":8,"column":16}},"loc":{"start":{"line":8,"column":53},"end":{"line":18,"column":null}}}},"branchMap":{"0":{"loc":{"start":{"line":11,"column":28},"end":{"line":11,"column":63}},"type":"binary-expr","locations":[{"start":{"line":11,"column":28},"end":{"line":11,"column":57}},{"start":{"line":11,"column":61},"end":{"line":11,"column":63}}]}},"s":{"0":1,"1":1,"2":2,"3":2,"4":2,"5":2,"6":2,"7":1,"8":1,"9":1},"f":{"0":2},"b":{"0":[2,0]}}
,"C:\\Users\\DEV2\\Documents\\Projeto Final\\Fipe-project-backend\\src\\modules\\fuelTypes\\useCases\\createFuelTypes\\CreateFuelTypesUseCase.ts": {"path":"C:\\Users\\DEV2\\Documents\\Projeto Final\\Fipe-project-backend\\src\\modules\\fuelTypes\\useCases\\createFuelTypes\\CreateFuelTypesUseCase.ts","statementMap":{"0":{"start":{"line":1,"column":0},"end":{"line":1,"column":46}},"1":{"start":{"line":6,"column":0},"end":{"line":6,"column":60}},"2":{"start":{"line":9,"column":7},"end":{"line":27,"column":null}},"3":{"start":{"line":12,"column":16},"end":{"line":12,"column":57}},"4":{"start":{"line":16,"column":33},"end":{"line":16,"column":90}},"5":{"start":{"line":18,"column":8},"end":{"line":20,"column":9}},"6":{"start":{"line":19,"column":12},"end":{"line":19,"column":null}},"7":{"start":{"line":22,"column":26},"end":{"line":22,"column":46}},"8":{"start":{"line":23,"column":8},"end":{"line":23,"column":null}},"9":{"start":{"line":25,"column":8},"end":{"line":25,"column":null}},"10":{"start":{"line":9,"column":13},"end":{"line":9,"column":34}},"11":{"start":{"line":9,"column":13},"end":{"line":27,"column":null}}},"fnMap":{"0":{"name":"(anonymous_11)","decl":{"start":{"line":10,"column":4},"end":{"line":10,"column":null}},"loc":{"start":{"line":12,"column":57},"end":{"line":13,"column":7}}},"1":{"name":"(anonymous_12)","decl":{"start":{"line":15,"column":10},"end":{"line":15,"column":17}},"loc":{"start":{"line":15,"column":59},"end":{"line":26,"column":null}}}},"branchMap":{"0":{"loc":{"start":{"line":18,"column":8},"end":{"line":20,"column":9}},"type":"if","locations":[{"start":{"line":18,"column":8},"end":{"line":20,"column":9}}]}},"s":{"0":2,"1":2,"2":2,"3":2,"4":2,"5":2,"6":1,"7":1,"8":1,"9":1,"10":2,"11":2},"f":{"0":2,"1":2},"b":{"0":[1]}}
,"C:\\Users\\DEV2\\Documents\\Projeto Final\\Fipe-project-backend\\src\\modules\\fuelTypes\\useCases\\deleteFuelTypes\\DeleteFuelTypesController.ts": {"path":"C:\\Users\\DEV2\\Documents\\Projeto Final\\Fipe-project-backend\\src\\modules\\fuelTypes\\useCases\\deleteFuelTypes\\DeleteFuelTypesController.ts","statementMap":{"0":{"start":{"line":2,"column":0},"end":{"line":2,"column":37}},"1":{"start":{"line":3,"column":0},"end":{"line":3,"column":66}},"2":{"start":{"line":7,"column":8},"end":{"line":15,"column":9}},"3":{"start":{"line":8,"column":25},"end":{"line":8,"column":39}},"4":{"start":{"line":9,"column":28},"end":{"line":9,"column":63}},"5":{"start":{"line":10,"column":43},"end":{"line":10,"column":84}},"6":{"start":{"line":11,"column":12},"end":{"line":11,"column":62}},"7":{"start":{"line":12,"column":12},"end":{"line":12,"column":81}},"8":{"start":{"line":14,"column":12},"end":{"line":14,"column":76}},"9":{"start":{"line":5,"column":0},"end":{"line":5,"column":13}}},"fnMap":{"0":{"name":"(anonymous_7)","decl":{"start":{"line":6,"column":10},"end":{"line":6,"column":16}},"loc":{"start":{"line":6,"column":53},"end":{"line":16,"column":null}}}},"branchMap":{"0":{"loc":{"start":{"line":9,"column":28},"end":{"line":9,"column":63}},"type":"binary-expr","locations":[{"start":{"line":9,"column":28},"end":{"line":9,"column":57}},{"start":{"line":9,"column":61},"end":{"line":9,"column":63}}]}},"s":{"0":1,"1":1,"2":2,"3":2,"4":2,"5":2,"6":2,"7":1,"8":1,"9":1},"f":{"0":2},"b":{"0":[2,0]}}
,"C:\\Users\\DEV2\\Documents\\Projeto Final\\Fipe-project-backend\\src\\modules\\fuelTypes\\useCases\\deleteFuelTypes\\DeleteFuelTypesUseCase.ts": {"path":"C:\\Users\\DEV2\\Documents\\Projeto Final\\Fipe-project-backend\\src\\modules\\fuelTypes\\useCases\\deleteFuelTypes\\DeleteFuelTypesUseCase.ts","statementMap":{"0":{"start":{"line":1,"column":0},"end":{"line":1,"column":46}},"1":{"start":{"line":3,"column":0},"end":{"line":3,"column":60}},"2":{"start":{"line":6,"column":7},"end":{"line":22,"column":null}},"3":{"start":{"line":9,"column":16},"end":{"line":9,"column":57}},"4":{"start":{"line":13,"column":30},"end":{"line":13,"column":73}},"5":{"start":{"line":14,"column":8},"end":{"line":16,"column":9}},"6":{"start":{"line":15,"column":12},"end":{"line":15,"column":55}},"7":{"start":{"line":18,"column":28},"end":{"line":18,"column":48}},"8":{"start":{"line":20,"column":8},"end":{"line":20,"column":70}},"9":{"start":{"line":6,"column":13},"end":{"line":6,"column":35}},"10":{"start":{"line":6,"column":13},"end":{"line":22,"column":null}}},"fnMap":{"0":{"name":"(anonymous_11)","decl":{"start":{"line":7,"column":4},"end":{"line":7,"column":null}},"loc":{"start":{"line":9,"column":57},"end":{"line":10,"column":7}}},"1":{"name":"(anonymous_12)","decl":{"start":{"line":12,"column":10},"end":{"line":12,"column":17}},"loc":{"start":{"line":12,"column":45},"end":{"line":21,"column":null}}}},"branchMap":{"0":{"loc":{"start":{"line":14,"column":8},"end":{"line":16,"column":9}},"type":"if","locations":[{"start":{"line":14,"column":8},"end":{"line":16,"column":9}}]}},"s":{"0":2,"1":2,"2":2,"3":2,"4":2,"5":2,"6":1,"7":1,"8":1,"9":2,"10":2},"f":{"0":2,"1":2},"b":{"0":[1]}}
,"C:\\Users\\DEV2\\Documents\\Projeto Final\\Fipe-project-backend\\src\\modules\\fuelTypes\\useCases\\listFuelTypes\\listFuelTypesController.ts": {"path":"C:\\Users\\DEV2\\Documents\\Projeto Final\\Fipe-project-backend\\src\\modules\\fuelTypes\\useCases\\listFuelTypes\\listFuelTypesController.ts","statementMap":{"0":{"start":{"line":2,"column":0},"end":{"line":2,"column":37}},"1":{"start":{"line":3,"column":0},"end":{"line":3,"column":62}},"2":{"start":{"line":9,"column":8},"end":{"line":17,"column":9}},"3":{"start":{"line":10,"column":46},"end":{"line":10,"column":91}},"4":{"start":{"line":11,"column":40},"end":{"line":11,"column":79}},"5":{"start":{"line":12,"column":30},"end":{"line":12,"column":80}},"6":{"start":{"line":14,"column":12},"end":{"line":14,"column":91}},"7":{"start":{"line":16,"column":12},"end":{"line":16,"column":74}},"8":{"start":{"line":7,"column":0},"end":{"line":7,"column":13}}},"fnMap":{"0":{"name":"(anonymous_7)","decl":{"start":{"line":8,"column":10},"end":{"line":8,"column":16}},"loc":{"start":{"line":8,"column":53},"end":{"line":19,"column":null}}}},"branchMap":{"0":{"loc":{"start":{"line":10,"column":19},"end":{"line":10,"column":27}},"type":"default-arg","locations":[{"start":{"line":10,"column":26},"end":{"line":10,"column":27}}]},"1":{"loc":{"start":{"line":10,"column":29},"end":{"line":10,"column":42}},"type":"default-arg","locations":[{"start":{"line":10,"column":40},"end":{"line":10,"column":42}}]}},"s":{"0":1,"1":1,"2":2,"3":2,"4":2,"5":2,"6":1,"7":1,"8":1},"f":{"0":2},"b":{"0":[0],"1":[0]}}
,"C:\\Users\\DEV2\\Documents\\Projeto Final\\Fipe-project-backend\\src\\modules\\fuelTypes\\useCases\\listFuelTypes\\listFuelTypesUseCase.ts": {"path":"C:\\Users\\DEV2\\Documents\\Projeto Final\\Fipe-project-backend\\src\\modules\\fuelTypes\\useCases\\listFuelTypes\\listFuelTypesUseCase.ts","statementMap":{"0":{"start":{"line":1,"column":0},"end":{"line":1,"column":46}},"1":{"start":{"line":7,"column":7},"end":{"line":16,"column":null}},"2":{"start":{"line":10,"column":16},"end":{"line":10,"column":57}},"3":{"start":{"line":13,"column":26},"end":{"line":13,"column":84}},"4":{"start":{"line":14,"column":8},"end":{"line":14,"column":25}},"5":{"start":{"line":7,"column":13},"end":{"line":7,"column":33}},"6":{"start":{"line":7,"column":13},"end":{"line":16,"column":null}}},"fnMap":{"0":{"name":"(anonymous_11)","decl":{"start":{"line":8,"column":4},"end":{"line":8,"column":null}},"loc":{"start":{"line":10,"column":57},"end":{"line":11,"column":7}}},"1":{"name":"(anonymous_12)","decl":{"start":{"line":12,"column":10},"end":{"line":12,"column":17}},"loc":{"start":{"line":12,"column":48},"end":{"line":15,"column":null}}}},"branchMap":{},"s":{"0":2,"1":2,"2":2,"3":2,"4":2,"5":2,"6":2},"f":{"0":2,"1":2},"b":{}}
,"C:\\Users\\DEV2\\Documents\\Projeto Final\\Fipe-project-backend\\src\\modules\\fuelTypes\\useCases\\updateFuelTypes\\UpdateFuelTypesController.ts": {"path":"C:\\Users\\DEV2\\Documents\\Projeto Final\\Fipe-project-backend\\src\\modules\\fuelTypes\\useCases\\updateFuelTypes\\UpdateFuelTypesController.ts","statementMap":{"0":{"start":{"line":3,"column":0},"end":{"line":3,"column":37}},"1":{"start":{"line":4,"column":0},"end":{"line":4,"column":65}},"2":{"start":{"line":9,"column":8},"end":{"line":19,"column":9}},"3":{"start":{"line":10,"column":25},"end":{"line":10,"column":39}},"4":{"start":{"line":11,"column":45},"end":{"line":11,"column":57}},"5":{"start":{"line":12,"column":28},"end":{"line":12,"column":63}},"6":{"start":{"line":13,"column":12},"end":{"line":13,"column":null}},"7":{"start":{"line":14,"column":42},"end":{"line":14,"column":82}},"8":{"start":{"line":15,"column":36},"end":{"line":15,"column":86}},"9":{"start":{"line":16,"column":12},"end":{"line":16,"column":82}},"10":{"start":{"line":18,"column":12},"end":{"line":18,"column":71}},"11":{"start":{"line":7,"column":0},"end":{"line":7,"column":13}}},"fnMap":{"0":{"name":"(anonymous_7)","decl":{"start":{"line":8,"column":10},"end":{"line":8,"column":16}},"loc":{"start":{"line":8,"column":53},"end":{"line":20,"column":null}}}},"branchMap":{"0":{"loc":{"start":{"line":12,"column":28},"end":{"line":12,"column":63}},"type":"binary-expr","locations":[{"start":{"line":12,"column":28},"end":{"line":12,"column":57}},{"start":{"line":12,"column":61},"end":{"line":12,"column":63}}]}},"s":{"0":1,"1":1,"2":2,"3":2,"4":2,"5":2,"6":2,"7":2,"8":2,"9":1,"10":1,"11":1},"f":{"0":2},"b":{"0":[2,0]}}
,"C:\\Users\\DEV2\\Documents\\Projeto Final\\Fipe-project-backend\\src\\modules\\fuelTypes\\useCases\\updateFuelTypes\\UpdateFuelTypesUseCase.ts": {"path":"C:\\Users\\DEV2\\Documents\\Projeto Final\\Fipe-project-backend\\src\\modules\\fuelTypes\\useCases\\updateFuelTypes\\UpdateFuelTypesUseCase.ts","statementMap":{"0":{"start":{"line":1,"column":0},"end":{"line":1,"column":46}},"1":{"start":{"line":2,"column":0},"end":{"line":2,"column":90}},"2":{"start":{"line":5,"column":0},"end":{"line":5,"column":60}},"3":{"start":{"line":9,"column":7},"end":{"line":27,"column":null}},"4":{"start":{"line":12,"column":16},"end":{"line":12,"column":37}},"5":{"start":{"line":16,"column":30},"end":{"line":16,"column":78}},"6":{"start":{"line":17,"column":8},"end":{"line":19,"column":9}},"7":{"start":{"line":18,"column":12},"end":{"line":18,"column":55}},"8":{"start":{"line":21,"column":28},"end":{"line":21,"column":48}},"9":{"start":{"line":22,"column":8},"end":{"line":22,"column":null}},"10":{"start":{"line":24,"column":32},"end":{"line":24,"column":75}},"11":{"start":{"line":25,"column":8},"end":{"line":25,"column":31}},"12":{"start":{"line":9,"column":13},"end":{"line":9,"column":34}},"13":{"start":{"line":9,"column":13},"end":{"line":27,"column":null}}},"fnMap":{"0":{"name":"(anonymous_11)","decl":{"start":{"line":10,"column":4},"end":{"line":10,"column":null}},"loc":{"start":{"line":12,"column":56},"end":{"line":13,"column":7}}},"1":{"name":"(anonymous_12)","decl":{"start":{"line":15,"column":10},"end":{"line":15,"column":17}},"loc":{"start":{"line":15,"column":59},"end":{"line":26,"column":null}}}},"branchMap":{"0":{"loc":{"start":{"line":17,"column":8},"end":{"line":19,"column":9}},"type":"if","locations":[{"start":{"line":17,"column":8},"end":{"line":19,"column":9}}]}},"s":{"0":2,"1":2,"2":2,"3":2,"4":2,"5":2,"6":2,"7":1,"8":1,"9":1,"10":1,"11":1,"12":2,"13":2},"f":{"0":2,"1":2},"b":{"0":[1]}}
,"C:\\Users\\DEV2\\Documents\\Projeto Final\\Fipe-project-backend\\src\\modules\\models\\useCases\\createModel\\CreateModelController.ts": {"path":"C:\\Users\\DEV2\\Documents\\Projeto Final\\Fipe-project-backend\\src\\modules\\models\\useCases\\createModel\\CreateModelController.ts","statementMap":{"0":{"start":{"line":3,"column":0},"end":{"line":3,"column":37}},"1":{"start":{"line":4,"column":0},"end":{"line":4,"column":58}},"2":{"start":{"line":8,"column":8},"end":{"line":16,"column":9}},"3":{"start":{"line":9,"column":41},"end":{"line":9,"column":53}},"4":{"start":{"line":10,"column":28},"end":{"line":10,"column":63}},"5":{"start":{"line":11,"column":39},"end":{"line":11,"column":76}},"6":{"start":{"line":12,"column":12},"end":{"line":12,"column":null}},"7":{"start":{"line":13,"column":12},"end":{"line":13,"column":null}},"8":{"start":{"line":15,"column":12},"end":{"line":15,"column":null}},"9":{"start":{"line":6,"column":0},"end":{"line":6,"column":13}}},"fnMap":{"0":{"name":"(anonymous_7)","decl":{"start":{"line":7,"column":10},"end":{"line":7,"column":16}},"loc":{"start":{"line":7,"column":53},"end":{"line":17,"column":null}}}},"branchMap":{"0":{"loc":{"start":{"line":10,"column":28},"end":{"line":10,"column":63}},"type":"binary-expr","locations":[{"start":{"line":10,"column":28},"end":{"line":10,"column":57}},{"start":{"line":10,"column":61},"end":{"line":10,"column":63}}]}},"s":{"0":1,"1":1,"2":2,"3":2,"4":2,"5":2,"6":2,"7":1,"8":1,"9":1},"f":{"0":2},"b":{"0":[2,0]}}
,"C:\\Users\\DEV2\\Documents\\Projeto Final\\Fipe-project-backend\\src\\modules\\models\\useCases\\createModel\\CreateModelUseCase.ts": {"path":"C:\\Users\\DEV2\\Documents\\Projeto Final\\Fipe-project-backend\\src\\modules\\models\\useCases\\createModel\\CreateModelUseCase.ts","statementMap":{"0":{"start":{"line":1,"column":0},"end":{"line":1,"column":46}},"1":{"start":{"line":4,"column":0},"end":{"line":4,"column":60}},"2":{"start":{"line":9,"column":7},"end":{"line":32,"column":null}},"3":{"start":{"line":12,"column":16},"end":{"line":12,"column":51}},"4":{"start":{"line":14,"column":16},"end":{"line":14,"column":51}},"5":{"start":{"line":17,"column":28},"end":{"line":17,"column":85}},"6":{"start":{"line":18,"column":8},"end":{"line":20,"column":9}},"7":{"start":{"line":19,"column":12},"end":{"line":19,"column":49}},"8":{"start":{"line":22,"column":28},"end":{"line":22,"column":78}},"9":{"start":{"line":23,"column":8},"end":{"line":25,"column":9}},"10":{"start":{"line":24,"column":12},"end":{"line":24,"column":57}},"11":{"start":{"line":27,"column":26},"end":{"line":27,"column":46}},"12":{"start":{"line":28,"column":8},"end":{"line":28,"column":37}},"13":{"start":{"line":30,"column":8},"end":{"line":30,"column":56}},"14":{"start":{"line":9,"column":13},"end":{"line":9,"column":31}},"15":{"start":{"line":9,"column":13},"end":{"line":32,"column":null}}},"fnMap":{"0":{"name":"(anonymous_11)","decl":{"start":{"line":10,"column":4},"end":{"line":10,"column":null}},"loc":{"start":{"line":14,"column":51},"end":{"line":15,"column":7}}},"1":{"name":"(anonymous_12)","decl":{"start":{"line":16,"column":10},"end":{"line":16,"column":17}},"loc":{"start":{"line":16,"column":55},"end":{"line":31,"column":null}}}},"branchMap":{"0":{"loc":{"start":{"line":18,"column":8},"end":{"line":20,"column":9}},"type":"if","locations":[{"start":{"line":18,"column":8},"end":{"line":20,"column":9}}]},"1":{"loc":{"start":{"line":23,"column":8},"end":{"line":25,"column":9}},"type":"if","locations":[{"start":{"line":23,"column":8},"end":{"line":25,"column":9}}]}},"s":{"0":2,"1":2,"2":2,"3":2,"4":2,"5":2,"6":2,"7":1,"8":1,"9":1,"10":0,"11":1,"12":1,"13":1,"14":2,"15":2},"f":{"0":2,"1":2},"b":{"0":[1],"1":[0]}}
,"C:\\Users\\DEV2\\Documents\\Projeto Final\\Fipe-project-backend\\src\\modules\\models\\useCases\\deleteModel\\DeleteModelController.ts": {"path":"C:\\Users\\DEV2\\Documents\\Projeto Final\\Fipe-project-backend\\src\\modules\\models\\useCases\\deleteModel\\DeleteModelController.ts","statementMap":{"0":{"start":{"line":2,"column":0},"end":{"line":2,"column":58}},"1":{"start":{"line":3,"column":0},"end":{"line":3,"column":37}},"2":{"start":{"line":7,"column":8},"end":{"line":15,"column":9}},"3":{"start":{"line":8,"column":25},"end":{"line":8,"column":39}},"4":{"start":{"line":9,"column":28},"end":{"line":9,"column":64}},"5":{"start":{"line":10,"column":39},"end":{"line":10,"column":76}},"6":{"start":{"line":11,"column":12},"end":{"line":11,"column":58}},"7":{"start":{"line":12,"column":12},"end":{"line":12,"column":null}},"8":{"start":{"line":14,"column":12},"end":{"line":14,"column":null}},"9":{"start":{"line":5,"column":0},"end":{"line":5,"column":13}}},"fnMap":{"0":{"name":"(anonymous_7)","decl":{"start":{"line":6,"column":10},"end":{"line":6,"column":16}},"loc":{"start":{"line":6,"column":53},"end":{"line":16,"column":null}}}},"branchMap":{"0":{"loc":{"start":{"line":9,"column":28},"end":{"line":9,"column":64}},"type":"binary-expr","locations":[{"start":{"line":9,"column":28},"end":{"line":9,"column":57}},{"start":{"line":9,"column":61},"end":{"line":9,"column":64}}]}},"s":{"0":1,"1":1,"2":2,"3":2,"4":2,"5":2,"6":2,"7":1,"8":1,"9":1},"f":{"0":2},"b":{"0":[2,0]}}
,"C:\\Users\\DEV2\\Documents\\Projeto Final\\Fipe-project-backend\\src\\modules\\models\\useCases\\deleteModel\\DeleteModelUseCase.ts": {"path":"C:\\Users\\DEV2\\Documents\\Projeto Final\\Fipe-project-backend\\src\\modules\\models\\useCases\\deleteModel\\DeleteModelUseCase.ts","statementMap":{"0":{"start":{"line":1,"column":0},"end":{"line":1,"column":46}},"1":{"start":{"line":2,"column":0},"end":{"line":2,"column":60}},"2":{"start":{"line":6,"column":7},"end":{"line":21,"column":null}},"3":{"start":{"line":9,"column":16},"end":{"line":9,"column":51}},"4":{"start":{"line":12,"column":28},"end":{"line":12,"column":68}},"5":{"start":{"line":13,"column":8},"end":{"line":15,"column":9}},"6":{"start":{"line":14,"column":12},"end":{"line":14,"column":null}},"7":{"start":{"line":17,"column":28},"end":{"line":17,"column":48}},"8":{"start":{"line":19,"column":8},"end":{"line":19,"column":null}},"9":{"start":{"line":6,"column":13},"end":{"line":6,"column":31}},"10":{"start":{"line":6,"column":13},"end":{"line":21,"column":null}}},"fnMap":{"0":{"name":"(anonymous_11)","decl":{"start":{"line":7,"column":4},"end":{"line":7,"column":null}},"loc":{"start":{"line":9,"column":51},"end":{"line":10,"column":7}}},"1":{"name":"(anonymous_12)","decl":{"start":{"line":11,"column":10},"end":{"line":11,"column":17}},"loc":{"start":{"line":11,"column":45},"end":{"line":20,"column":null}}}},"branchMap":{"0":{"loc":{"start":{"line":13,"column":8},"end":{"line":15,"column":9}},"type":"if","locations":[{"start":{"line":13,"column":8},"end":{"line":15,"column":9}}]}},"s":{"0":2,"1":2,"2":2,"3":2,"4":2,"5":2,"6":1,"7":1,"8":1,"9":2,"10":2},"f":{"0":2,"1":2},"b":{"0":[1]}}
,"C:\\Users\\DEV2\\Documents\\Projeto Final\\Fipe-project-backend\\src\\modules\\models\\useCases\\listModel\\ListModelController.ts": {"path":"C:\\Users\\DEV2\\Documents\\Projeto Final\\Fipe-project-backend\\src\\modules\\models\\useCases\\listModel\\ListModelController.ts","statementMap":{"0":{"start":{"line":2,"column":0},"end":{"line":2,"column":37}},"1":{"start":{"line":3,"column":0},"end":{"line":3,"column":54}},"2":{"start":{"line":7,"column":8},"end":{"line":13,"column":9}},"3":{"start":{"line":8,"column":37},"end":{"line":8,"column":72}},"4":{"start":{"line":9,"column":27},"end":{"line":9,"column":64}},"5":{"start":{"line":10,"column":12},"end":{"line":10,"column":88}},"6":{"start":{"line":12,"column":12},"end":{"line":12,"column":75}},"7":{"start":{"line":5,"column":0},"end":{"line":5,"column":13}}},"fnMap":{"0":{"name":"(anonymous_7)","decl":{"start":{"line":6,"column":10},"end":{"line":6,"column":16}},"loc":{"start":{"line":6,"column":53},"end":{"line":14,"column":null}}}},"branchMap":{},"s":{"0":1,"1":1,"2":2,"3":2,"4":2,"5":1,"6":1,"7":1},"f":{"0":2},"b":{}}
,"C:\\Users\\DEV2\\Documents\\Projeto Final\\Fipe-project-backend\\src\\modules\\models\\useCases\\listModel\\ListModelUseCase.ts": {"path":"C:\\Users\\DEV2\\Documents\\Projeto Final\\Fipe-project-backend\\src\\modules\\models\\useCases\\listModel\\ListModelUseCase.ts","statementMap":{"0":{"start":{"line":1,"column":0},"end":{"line":1,"column":46}},"1":{"start":{"line":6,"column":7},"end":{"line":15,"column":null}},"2":{"start":{"line":9,"column":16},"end":{"line":9,"column":51}},"3":{"start":{"line":12,"column":23},"end":{"line":12,"column":80}},"4":{"start":{"line":13,"column":8},"end":{"line":13,"column":22}},"5":{"start":{"line":6,"column":13},"end":{"line":6,"column":29}},"6":{"start":{"line":6,"column":13},"end":{"line":15,"column":null}}},"fnMap":{"0":{"name":"(anonymous_11)","decl":{"start":{"line":7,"column":4},"end":{"line":7,"column":null}},"loc":{"start":{"line":9,"column":51},"end":{"line":10,"column":7}}},"1":{"name":"(anonymous_12)","decl":{"start":{"line":11,"column":10},"end":{"line":11,"column":17}},"loc":{"start":{"line":11,"column":48},"end":{"line":14,"column":null}}}},"branchMap":{},"s":{"0":2,"1":2,"2":2,"3":2,"4":2,"5":2,"6":2},"f":{"0":2,"1":2},"b":{}}
,"C:\\Users\\DEV2\\Documents\\Projeto Final\\Fipe-project-backend\\src\\modules\\models\\useCases\\updateModel\\UpdateModelController.ts": {"path":"C:\\Users\\DEV2\\Documents\\Projeto Final\\Fipe-project-backend\\src\\modules\\models\\useCases\\updateModel\\UpdateModelController.ts","statementMap":{"0":{"start":{"line":2,"column":0},"end":{"line":2,"column":37}},"1":{"start":{"line":4,"column":0},"end":{"line":4,"column":58}},"2":{"start":{"line":8,"column":8},"end":{"line":18,"column":9}},"3":{"start":{"line":9,"column":25},"end":{"line":9,"column":39}},"4":{"start":{"line":10,"column":41},"end":{"line":10,"column":53}},"5":{"start":{"line":11,"column":12},"end":{"line":11,"column":25}},"6":{"start":{"line":12,"column":28},"end":{"line":12,"column":63}},"7":{"start":{"line":13,"column":39},"end":{"line":13,"column":76}},"8":{"start":{"line":14,"column":12},"end":{"line":14,"column":61}},"9":{"start":{"line":15,"column":12},"end":{"line":15,"column":null}},"10":{"start":{"line":17,"column":12},"end":{"line":17,"column":null}},"11":{"start":{"line":6,"column":0},"end":{"line":6,"column":13}}},"fnMap":{"0":{"name":"(anonymous_7)","decl":{"start":{"line":7,"column":10},"end":{"line":7,"column":16}},"loc":{"start":{"line":7,"column":53},"end":{"line":20,"column":null}}}},"branchMap":{"0":{"loc":{"start":{"line":12,"column":28},"end":{"line":12,"column":63}},"type":"binary-expr","locations":[{"start":{"line":12,"column":28},"end":{"line":12,"column":57}},{"start":{"line":12,"column":61},"end":{"line":12,"column":63}}]}},"s":{"0":1,"1":1,"2":2,"3":2,"4":2,"5":2,"6":2,"7":2,"8":2,"9":1,"10":1,"11":1},"f":{"0":2},"b":{"0":[2,0]}}
,"C:\\Users\\DEV2\\Documents\\Projeto Final\\Fipe-project-backend\\src\\modules\\models\\useCases\\updateModel\\UpdateModelUseCase.ts": {"path":"C:\\Users\\DEV2\\Documents\\Projeto Final\\Fipe-project-backend\\src\\modules\\models\\useCases\\updateModel\\UpdateModelUseCase.ts","statementMap":{"0":{"start":{"line":1,"column":0},"end":{"line":1,"column":46}},"1":{"start":{"line":3,"column":0},"end":{"line":3,"column":60}},"2":{"start":{"line":7,"column":7},"end":{"line":21,"column":null}},"3":{"start":{"line":10,"column":16},"end":{"line":10,"column":51}},"4":{"start":{"line":13,"column":28},"end":{"line":13,"column":73}},"5":{"start":{"line":14,"column":8},"end":{"line":16,"column":9}},"6":{"start":{"line":15,"column":12},"end":{"line":15,"column":50}},"7":{"start":{"line":17,"column":28},"end":{"line":17,"column":48}},"8":{"start":{"line":18,"column":8},"end":{"line":18,"column":null}},"9":{"start":{"line":19,"column":8},"end":{"line":19,"column":56}},"10":{"start":{"line":7,"column":13},"end":{"line":7,"column":31}},"11":{"start":{"line":7,"column":13},"end":{"line":21,"column":null}}},"fnMap":{"0":{"name":"(anonymous_11)","decl":{"start":{"line":8,"column":4},"end":{"line":8,"column":null}},"loc":{"start":{"line":10,"column":51},"end":{"line":11,"column":7}}},"1":{"name":"(anonymous_12)","decl":{"start":{"line":12,"column":10},"end":{"line":12,"column":17}},"loc":{"start":{"line":12,"column":55},"end":{"line":20,"column":null}}}},"branchMap":{"0":{"loc":{"start":{"line":14,"column":8},"end":{"line":16,"column":9}},"type":"if","locations":[{"start":{"line":14,"column":8},"end":{"line":16,"column":9}}]}},"s":{"0":2,"1":2,"2":2,"3":2,"4":2,"5":2,"6":1,"7":1,"8":1,"9":1,"10":2,"11":2},"f":{"0":2,"1":2},"b":{"0":[1]}}
,"C:\\Users\\DEV2\\Documents\\Projeto Final\\Fipe-project-backend\\src\\modules\\users\\infra\\prisma\\repositories\\UsersRepository.ts": {"path":"C:\\Users\\DEV2\\Documents\\Projeto Final\\Fipe-project-backend\\src\\modules\\users\\infra\\prisma\\repositories\\UsersRepository.ts","statementMap":{"0":{"start":{"line":3,"column":0},"end":{"line":3,"column":60}},"1":{"start":{"line":11,"column":8},"end":{"line":11,"column":63}},"2":{"start":{"line":15,"column":8},"end":{"line":15,"column":36}},"3":{"start":{"line":16,"column":8},"end":{"line":19,"column":24}},"4":{"start":{"line":23,"column":8},"end":{"line":30,"column":null}},"5":{"start":{"line":34,"column":8},"end":{"line":40,"column":26}},"6":{"start":{"line":44,"column":8},"end":{"line":46,"column":24}},"7":{"start":{"line":50,"column":8},"end":{"line":56,"column":12}},"8":{"start":{"line":60,"column":8},"end":{"line":62,"column":24}},"9":{"start":{"line":66,"column":8},"end":{"line":71,"column":24}},"10":{"start":{"line":8,"column":0},"end":{"line":8,"column":13}}},"fnMap":{"0":{"name":"(anonymous_7)","decl":{"start":{"line":10,"column":10},"end":{"line":10,"column":16}},"loc":{"start":{"line":10,"column":36},"end":{"line":12,"column":null}}},"1":{"name":"(anonymous_9)","decl":{"start":{"line":14,"column":10},"end":{"line":14,"column":16}},"loc":{"start":{"line":14,"column":36},"end":{"line":20,"column":null}}},"2":{"name":"(anonymous_11)","decl":{"start":{"line":22,"column":10},"end":{"line":22,"column":16}},"loc":{"start":{"line":22,"column":46},"end":{"line":31,"column":null}}},"3":{"name":"(anonymous_13)","decl":{"start":{"line":33,"column":10},"end":{"line":33,"column":14}},"loc":{"start":{"line":33,"column":45},"end":{"line":41,"column":null}}},"4":{"name":"(anonymous_15)","decl":{"start":{"line":43,"column":10},"end":{"line":43,"column":18}},"loc":{"start":{"line":43,"column":29},"end":{"line":47,"column":null}}},"5":{"name":"(anonymous_17)","decl":{"start":{"line":49,"column":10},"end":{"line":49,"column":27}},"loc":{"start":{"line":49,"column":47},"end":{"line":57,"column":null}}},"6":{"name":"(anonymous_19)","decl":{"start":{"line":59,"column":10},"end":{"line":59,"column":21}},"loc":{"start":{"line":59,"column":35},"end":{"line":63,"column":null}}},"7":{"name":"(anonymous_21)","decl":{"start":{"line":65,"column":11},"end":{"line":65,"column":22}},"loc":{"start":{"line":65,"column":48},"end":{"line":73,"column":null}}}},"branchMap":{},"s":{"0":2,"1":0,"2":0,"3":0,"4":0,"5":0,"6":0,"7":0,"8":0,"9":0,"10":2},"f":{"0":0,"1":0,"2":0,"3":0,"4":0,"5":0,"6":0,"7":0},"b":{}}
,"C:\\Users\\DEV2\\Documents\\Projeto Final\\Fipe-project-backend\\src\\modules\\users\\useCases\\createUser.ts\\CreateUserController.ts": {"path":"C:\\Users\\DEV2\\Documents\\Projeto Final\\Fipe-project-backend\\src\\modules\\users\\useCases\\createUser.ts\\CreateUserController.ts","statementMap":{"0":{"start":{"line":1,"column":0},"end":{"line":1,"column":37}},"1":{"start":{"line":5,"column":0},"end":{"line":5,"column":56}},"2":{"start":{"line":9,"column":8},"end":{"line":17,"column":9}},"3":{"start":{"line":10,"column":40},"end":{"line":10,"column":52}},"4":{"start":{"line":11,"column":28},"end":{"line":11,"column":63}},"5":{"start":{"line":12,"column":38},"end":{"line":12,"column":74}},"6":{"start":{"line":13,"column":12},"end":{"line":13,"column":59}},"7":{"start":{"line":14,"column":12},"end":{"line":14,"column":null}},"8":{"start":{"line":16,"column":12},"end":{"line":16,"column":null}},"9":{"start":{"line":7,"column":0},"end":{"line":7,"column":13}}},"fnMap":{"0":{"name":"(anonymous_7)","decl":{"start":{"line":8,"column":10},"end":{"line":8,"column":16}},"loc":{"start":{"line":8,"column":53},"end":{"line":19,"column":null}}}},"branchMap":{"0":{"loc":{"start":{"line":11,"column":28},"end":{"line":11,"column":63}},"type":"binary-expr","locations":[{"start":{"line":11,"column":28},"end":{"line":11,"column":57}},{"start":{"line":11,"column":61},"end":{"line":11,"column":63}}]}},"s":{"0":1,"1":1,"2":2,"3":2,"4":2,"5":2,"6":2,"7":1,"8":1,"9":1},"f":{"0":2},"b":{"0":[2,0]}}
,"C:\\Users\\DEV2\\Documents\\Projeto Final\\Fipe-project-backend\\src\\modules\\users\\useCases\\createUser.ts\\CreateUserUseCase.ts": {"path":"C:\\Users\\DEV2\\Documents\\Projeto Final\\Fipe-project-backend\\src\\modules\\users\\useCases\\createUser.ts\\CreateUserUseCase.ts","statementMap":{"0":{"start":{"line":1,"column":0},"end":{"line":1,"column":46}},"1":{"start":{"line":4,"column":0},"end":{"line":4,"column":30}},"2":{"start":{"line":5,"column":0},"end":{"line":5,"column":60}},"3":{"start":{"line":8,"column":7},"end":{"line":39,"column":null}},"4":{"start":{"line":11,"column":16},"end":{"line":11,"column":49}},"5":{"start":{"line":15,"column":29},"end":{"line":15,"column":79}},"6":{"start":{"line":16,"column":8},"end":{"line":18,"column":9}},"7":{"start":{"line":17,"column":12},"end":{"line":17,"column":null}},"8":{"start":{"line":20,"column":29},"end":{"line":20,"column":58}},"9":{"start":{"line":22,"column":42},"end":{"line":29,"column":null}},"10":{"start":{"line":31,"column":8},"end":{"line":34,"column":9}},"11":{"start":{"line":32,"column":30},"end":{"line":32,"column":50}},"12":{"start":{"line":33,"column":12},"end":{"line":33,"column":47}},"13":{"start":{"line":36,"column":8},"end":{"line":36,"column":61}},"14":{"start":{"line":8,"column":13},"end":{"line":8,"column":30}},"15":{"start":{"line":8,"column":13},"end":{"line":39,"column":null}}},"fnMap":{"0":{"name":"(anonymous_11)","decl":{"start":{"line":9,"column":4},"end":{"line":9,"column":null}},"loc":{"start":{"line":11,"column":49},"end":{"line":12,"column":7}}},"1":{"name":"(anonymous_12)","decl":{"start":{"line":14,"column":10},"end":{"line":14,"column":17}},"loc":{"start":{"line":14,"column":55},"end":{"line":37,"column":null}}}},"branchMap":{"0":{"loc":{"start":{"line":16,"column":8},"end":{"line":18,"column":9}},"type":"if","locations":[{"start":{"line":16,"column":8},"end":{"line":18,"column":9}}]},"1":{"loc":{"start":{"line":31,"column":8},"end":{"line":34,"column":9}},"type":"if","locations":[{"start":{"line":31,"column":8},"end":{"line":34,"column":9}}]}},"s":{"0":2,"1":2,"2":2,"3":2,"4":3,"5":3,"6":3,"7":1,"8":2,"9":2,"10":2,"11":2,"12":2,"13":2,"14":2,"15":2},"f":{"0":3,"1":3},"b":{"0":[1],"1":[2]}}
,"C:\\Users\\DEV2\\Documents\\Projeto Final\\Fipe-project-backend\\src\\modules\\users\\useCases\\deleteUsers.ts\\deleteUserController.ts": {"path":"C:\\Users\\DEV2\\Documents\\Projeto Final\\Fipe-project-backend\\src\\modules\\users\\useCases\\deleteUsers.ts\\deleteUserController.ts","statementMap":{"0":{"start":{"line":2,"column":0},"end":{"line":2,"column":56}},"1":{"start":{"line":3,"column":0},"end":{"line":3,"column":37}},"2":{"start":{"line":7,"column":8},"end":{"line":17,"column":9}},"3":{"start":{"line":8,"column":25},"end":{"line":8,"column":39}},"4":{"start":{"line":9,"column":12},"end":{"line":9,"column":null}},"5":{"start":{"line":10,"column":12},"end":{"line":10,"column":null}},"6":{"start":{"line":11,"column":28},"end":{"line":11,"column":63}},"7":{"start":{"line":12,"column":38},"end":{"line":12,"column":74}},"8":{"start":{"line":13,"column":12},"end":{"line":13,"column":57}},"9":{"start":{"line":14,"column":12},"end":{"line":14,"column":81}},"10":{"start":{"line":16,"column":12},"end":{"line":16,"column":76}},"11":{"start":{"line":5,"column":0},"end":{"line":5,"column":13}}},"fnMap":{"0":{"name":"(anonymous_7)","decl":{"start":{"line":6,"column":10},"end":{"line":6,"column":16}},"loc":{"start":{"line":6,"column":53},"end":{"line":18,"column":null}}}},"branchMap":{"0":{"loc":{"start":{"line":11,"column":28},"end":{"line":11,"column":63}},"type":"binary-expr","locations":[{"start":{"line":11,"column":28},"end":{"line":11,"column":57}},{"start":{"line":11,"column":61},"end":{"line":11,"column":63}}]}},"s":{"0":1,"1":1,"2":2,"3":2,"4":2,"5":2,"6":2,"7":2,"8":2,"9":1,"10":1,"11":1},"f":{"0":2},"b":{"0":[2,0]}}
,"C:\\Users\\DEV2\\Documents\\Projeto Final\\Fipe-project-backend\\src\\modules\\users\\useCases\\deleteUsers.ts\\deleteUserUseCase.ts": {"path":"C:\\Users\\DEV2\\Documents\\Projeto Final\\Fipe-project-backend\\src\\modules\\users\\useCases\\deleteUsers.ts\\deleteUserUseCase.ts","statementMap":{"0":{"start":{"line":1,"column":0},"end":{"line":1,"column":46}},"1":{"start":{"line":3,"column":0},"end":{"line":3,"column":60}},"2":{"start":{"line":6,"column":7},"end":{"line":27,"column":null}},"3":{"start":{"line":9,"column":16},"end":{"line":9,"column":49}},"4":{"start":{"line":13,"column":8},"end":{"line":15,"column":9}},"5":{"start":{"line":14,"column":12},"end":{"line":14,"column":null}},"6":{"start":{"line":17,"column":28},"end":{"line":17,"column":67}},"7":{"start":{"line":19,"column":8},"end":{"line":21,"column":9}},"8":{"start":{"line":20,"column":12},"end":{"line":20,"column":null}},"9":{"start":{"line":23,"column":30},"end":{"line":23,"column":50}},"10":{"start":{"line":25,"column":7},"end":{"line":25,"column":67}},"11":{"start":{"line":6,"column":13},"end":{"line":6,"column":30}},"12":{"start":{"line":6,"column":13},"end":{"line":27,"column":null}}},"fnMap":{"0":{"name":"(anonymous_11)","decl":{"start":{"line":7,"column":4},"end":{"line":7,"column":null}},"loc":{"start":{"line":9,"column":49},"end":{"line":10,"column":7}}},"1":{"name":"(anonymous_12)","decl":{"start":{"line":12,"column":10},"end":{"line":12,"column":17}},"loc":{"start":{"line":12,"column":45},"end":{"line":26,"column":null}}}},"branchMap":{"0":{"loc":{"start":{"line":13,"column":8},"end":{"line":15,"column":9}},"type":"if","locations":[{"start":{"line":13,"column":8},"end":{"line":15,"column":9}}]},"1":{"loc":{"start":{"line":13,"column":12},"end":{"line":13,"column":38}},"type":"binary-expr","locations":[{"start":{"line":13,"column":12},"end":{"line":13,"column":20}},{"start":{"line":13,"column":24},"end":{"line":13,"column":38}}]},"2":{"loc":{"start":{"line":19,"column":8},"end":{"line":21,"column":9}},"type":"if","locations":[{"start":{"line":19,"column":8},"end":{"line":21,"column":9}}]}},"s":{"0":2,"1":2,"2":2,"3":2,"4":2,"5":0,"6":2,"7":2,"8":1,"9":1,"10":1,"11":2,"12":2},"f":{"0":2,"1":2},"b":{"0":[0],"1":[2,2],"2":[1]}}
,"C:\\Users\\DEV2\\Documents\\Projeto Final\\Fipe-project-backend\\src\\modules\\users\\useCases\\listUser.ts\\ListUserController.ts": {"path":"C:\\Users\\DEV2\\Documents\\Projeto Final\\Fipe-project-backend\\src\\modules\\users\\useCases\\listUser.ts\\ListUserController.ts","statementMap":{"0":{"start":{"line":2,"column":0},"end":{"line":2,"column":37}},"1":{"start":{"line":3,"column":0},"end":{"line":3,"column":52}},"2":{"start":{"line":7,"column":8},"end":{"line":13,"column":9}},"3":{"start":{"line":8,"column":36},"end":{"line":8,"column":70}},"4":{"start":{"line":9,"column":33},"end":{"line":9,"column":69}},"5":{"start":{"line":10,"column":12},"end":{"line":10,"column":null}},"6":{"start":{"line":12,"column":12},"end":{"line":12,"column":null}},"7":{"start":{"line":5,"column":0},"end":{"line":5,"column":13}}},"fnMap":{"0":{"name":"(anonymous_7)","decl":{"start":{"line":6,"column":10},"end":{"line":6,"column":16}},"loc":{"start":{"line":6,"column":53},"end":{"line":15,"column":null}}}},"branchMap":{},"s":{"0":1,"1":1,"2":2,"3":2,"4":2,"5":1,"6":1,"7":1},"f":{"0":2},"b":{}}
,"C:\\Users\\DEV2\\Documents\\Projeto Final\\Fipe-project-backend\\src\\modules\\users\\useCases\\listUser.ts\\ListUserUseCase.ts": {"path":"C:\\Users\\DEV2\\Documents\\Projeto Final\\Fipe-project-backend\\src\\modules\\users\\useCases\\listUser.ts\\ListUserUseCase.ts","statementMap":{"0":{"start":{"line":1,"column":0},"end":{"line":1,"column":46}},"1":{"start":{"line":2,"column":0},"end":{"line":2,"column":81}},"2":{"start":{"line":6,"column":7},"end":{"line":14,"column":null}},"3":{"start":{"line":9,"column":16},"end":{"line":9,"column":33}},"4":{"start":{"line":12,"column":8},"end":{"line":12,"column":54}},"5":{"start":{"line":6,"column":13},"end":{"line":6,"column":28}},"6":{"start":{"line":6,"column":13},"end":{"line":14,"column":null}}},"fnMap":{"0":{"name":"(anonymous_11)","decl":{"start":{"line":7,"column":4},"end":{"line":7,"column":null}},"loc":{"start":{"line":9,"column":48},"end":{"line":10,"column":7}}},"1":{"name":"(anonymous_12)","decl":{"start":{"line":11,"column":10},"end":{"line":11,"column":17}},"loc":{"start":{"line":11,"column":48},"end":{"line":13,"column":null}}}},"branchMap":{},"s":{"0":2,"1":2,"2":2,"3":2,"4":2,"5":2,"6":2},"f":{"0":2,"1":2},"b":{}}
,"C:\\Users\\DEV2\\Documents\\Projeto Final\\Fipe-project-backend\\src\\modules\\users\\useCases\\updateUsers.ts\\UpdateUserController.ts": {"path":"C:\\Users\\DEV2\\Documents\\Projeto Final\\Fipe-project-backend\\src\\modules\\users\\useCases\\updateUsers.ts\\UpdateUserController.ts","statementMap":{"0":{"start":{"line":3,"column":0},"end":{"line":3,"column":37}},"1":{"start":{"line":4,"column":0},"end":{"line":4,"column":56}},"2":{"start":{"line":8,"column":8},"end":{"line":18,"column":9}},"3":{"start":{"line":9,"column":25},"end":{"line":9,"column":39}},"4":{"start":{"line":10,"column":40},"end":{"line":10,"column":52}},"5":{"start":{"line":11,"column":12},"end":{"line":11,"column":null}},"6":{"start":{"line":12,"column":28},"end":{"line":12,"column":63}},"7":{"start":{"line":13,"column":38},"end":{"line":13,"column":74}},"8":{"start":{"line":14,"column":32},"end":{"line":14,"column":78}},"9":{"start":{"line":15,"column":12},"end":{"line":15,"column":89}},"10":{"start":{"line":17,"column":12},"end":{"line":17,"column":78}},"11":{"start":{"line":6,"column":0},"end":{"line":6,"column":13}}},"fnMap":{"0":{"name":"(anonymous_7)","decl":{"start":{"line":7,"column":10},"end":{"line":7,"column":16}},"loc":{"start":{"line":7,"column":53},"end":{"line":20,"column":null}}}},"branchMap":{"0":{"loc":{"start":{"line":12,"column":28},"end":{"line":12,"column":63}},"type":"binary-expr","locations":[{"start":{"line":12,"column":28},"end":{"line":12,"column":57}},{"start":{"line":12,"column":61},"end":{"line":12,"column":63}}]}},"s":{"0":1,"1":1,"2":2,"3":2,"4":2,"5":2,"6":2,"7":2,"8":2,"9":1,"10":1,"11":1},"f":{"0":2},"b":{"0":[2,0]}}
,"C:\\Users\\DEV2\\Documents\\Projeto Final\\Fipe-project-backend\\src\\modules\\users\\useCases\\updateUsers.ts\\UpdateUserUseCase.ts": {"path":"C:\\Users\\DEV2\\Documents\\Projeto Final\\Fipe-project-backend\\src\\modules\\users\\useCases\\updateUsers.ts\\UpdateUserUseCase.ts","statementMap":{"0":{"start":{"line":1,"column":0},"end":{"line":1,"column":46}},"1":{"start":{"line":4,"column":0},"end":{"line":4,"column":60}},"2":{"start":{"line":8,"column":7},"end":{"line":30,"column":null}},"3":{"start":{"line":11,"column":16},"end":{"line":11,"column":49}},"4":{"start":{"line":15,"column":27},"end":{"line":15,"column":71}},"5":{"start":{"line":17,"column":8},"end":{"line":19,"column":9}},"6":{"start":{"line":18,"column":12},"end":{"line":18,"column":null}},"7":{"start":{"line":21,"column":30},"end":{"line":21,"column":50}},"8":{"start":{"line":22,"column":8},"end":{"line":22,"column":null}},"9":{"start":{"line":24,"column":8},"end":{"line":26,"column":9}},"10":{"start":{"line":25,"column":12},"end":{"line":25,"column":null}},"11":{"start":{"line":28,"column":8},"end":{"line":28,"column":null}},"12":{"start":{"line":8,"column":13},"end":{"line":8,"column":30}},"13":{"start":{"line":8,"column":13},"end":{"line":30,"column":null}}},"fnMap":{"0":{"name":"(anonymous_11)","decl":{"start":{"line":9,"column":4},"end":{"line":9,"column":null}},"loc":{"start":{"line":11,"column":49},"end":{"line":12,"column":7}}},"1":{"name":"(anonymous_12)","decl":{"start":{"line":14,"column":10},"end":{"line":14,"column":17}},"loc":{"start":{"line":14,"column":54},"end":{"line":29,"column":null}}}},"branchMap":{"0":{"loc":{"start":{"line":17,"column":8},"end":{"line":19,"column":9}},"type":"if","locations":[{"start":{"line":17,"column":8},"end":{"line":19,"column":9}}]},"1":{"loc":{"start":{"line":24,"column":8},"end":{"line":26,"column":9}},"type":"if","locations":[{"start":{"line":24,"column":8},"end":{"line":26,"column":9}}]},"2":{"loc":{"start":{"line":24,"column":11},"end":{"line":24,"column":53}},"type":"binary-expr","locations":[{"start":{"line":24,"column":11},"end":{"line":24,"column":36}},{"start":{"line":24,"column":40},"end":{"line":24,"column":53}}]}},"s":{"0":2,"1":2,"2":2,"3":3,"4":3,"5":3,"6":1,"7":2,"8":2,"9":2,"10":1,"11":1,"12":2,"13":2},"f":{"0":3,"1":3},"b":{"0":[1],"1":[1],"2":[2,1]}}
,"C:\\Users\\DEV2\\Documents\\Projeto Final\\Fipe-project-backend\\src\\modules\\vehicles\\infra\\prisma\\repository\\VehiclesRepository.ts": {"path":"C:\\Users\\DEV2\\Documents\\Projeto Final\\Fipe-project-backend\\src\\modules\\vehicles\\infra\\prisma\\repository\\VehiclesRepository.ts","statementMap":{"0":{"start":{"line":2,"column":0},"end":{"line":2,"column":60}},"1":{"start":{"line":11,"column":8},"end":{"line":13,"column":25}},"2":{"start":{"line":17,"column":8},"end":{"line":17,"column":36}},"3":{"start":{"line":18,"column":8},"end":{"line":21,"column":26}},"4":{"start":{"line":25,"column":8},"end":{"line":32,"column":25}},"5":{"start":{"line":36,"column":8},"end":{"line":45,"column":28}},"6":{"start":{"line":49,"column":8},"end":{"line":51,"column":25}},"7":{"start":{"line":55,"column":8},"end":{"line":61,"column":28}},"8":{"start":{"line":8,"column":0},"end":{"line":8,"column":13}}},"fnMap":{"0":{"name":"(anonymous_7)","decl":{"start":{"line":10,"column":10},"end":{"line":10,"column":16}},"loc":{"start":{"line":10,"column":39},"end":{"line":14,"column":null}}},"1":{"name":"(anonymous_9)","decl":{"start":{"line":16,"column":10},"end":{"line":16,"column":16}},"loc":{"start":{"line":16,"column":39},"end":{"line":22,"column":null}}},"2":{"name":"(anonymous_11)","decl":{"start":{"line":24,"column":10},"end":{"line":24,"column":16}},"loc":{"start":{"line":24,"column":46},"end":{"line":33,"column":null}}},"3":{"name":"(anonymous_13)","decl":{"start":{"line":35,"column":10},"end":{"line":35,"column":30}},"loc":{"start":{"line":35,"column":53},"end":{"line":46,"column":null}}},"4":{"name":"(anonymous_15)","decl":{"start":{"line":48,"column":10},"end":{"line":48,"column":18}},"loc":{"start":{"line":48,"column":29},"end":{"line":52,"column":null}}},"5":{"name":"(anonymous_17)","decl":{"start":{"line":54,"column":10},"end":{"line":54,"column":14}},"loc":{"start":{"line":54,"column":45},"end":{"line":62,"column":null}}}},"branchMap":{},"s":{"0":2,"1":0,"2":0,"3":0,"4":0,"5":0,"6":0,"7":0,"8":2},"f":{"0":0,"1":0,"2":0,"3":0,"4":0,"5":0},"b":{}}
,"C:\\Users\\DEV2\\Documents\\Projeto Final\\Fipe-project-backend\\src\\modules\\vehicles\\useCases\\createVehicle\\CreateVehicleController.ts": {"path":"C:\\Users\\DEV2\\Documents\\Projeto Final\\Fipe-project-backend\\src\\modules\\vehicles\\useCases\\createVehicle\\CreateVehicleController.ts","statementMap":{"0":{"start":{"line":3,"column":0},"end":{"line":3,"column":37}},"1":{"start":{"line":4,"column":0},"end":{"line":4,"column":62}},"2":{"start":{"line":8,"column":8},"end":{"line":16,"column":9}},"3":{"start":{"line":9,"column":43},"end":{"line":9,"column":55}},"4":{"start":{"line":10,"column":28},"end":{"line":10,"column":63}},"5":{"start":{"line":11,"column":41},"end":{"line":11,"column":80}},"6":{"start":{"line":12,"column":12},"end":{"line":12,"column":null}},"7":{"start":{"line":13,"column":12},"end":{"line":13,"column":null}},"8":{"start":{"line":15,"column":12},"end":{"line":15,"column":null}},"9":{"start":{"line":6,"column":0},"end":{"line":6,"column":13}}},"fnMap":{"0":{"name":"(anonymous_7)","decl":{"start":{"line":7,"column":10},"end":{"line":7,"column":16}},"loc":{"start":{"line":7,"column":53},"end":{"line":18,"column":null}}}},"branchMap":{"0":{"loc":{"start":{"line":10,"column":28},"end":{"line":10,"column":63}},"type":"binary-expr","locations":[{"start":{"line":10,"column":28},"end":{"line":10,"column":57}},{"start":{"line":10,"column":61},"end":{"line":10,"column":63}}]}},"s":{"0":1,"1":1,"2":2,"3":2,"4":2,"5":2,"6":2,"7":1,"8":1,"9":1},"f":{"0":2},"b":{"0":[2,0]}}
,"C:\\Users\\DEV2\\Documents\\Projeto Final\\Fipe-project-backend\\src\\modules\\vehicles\\useCases\\createVehicle\\CreateVehicleUseCase.ts": {"path":"C:\\Users\\DEV2\\Documents\\Projeto Final\\Fipe-project-backend\\src\\modules\\vehicles\\useCases\\createVehicle\\CreateVehicleUseCase.ts","statementMap":{"0":{"start":{"line":1,"column":0},"end":{"line":1,"column":46}},"1":{"start":{"line":2,"column":0},"end":{"line":2,"column":60}},"2":{"start":{"line":10,"column":7},"end":{"line":41,"column":null}},"3":{"start":{"line":13,"column":16},"end":{"line":13,"column":55}},"4":{"start":{"line":15,"column":16},"end":{"line":15,"column":51}},"5":{"start":{"line":17,"column":16},"end":{"line":17,"column":57}},"6":{"start":{"line":21,"column":30},"end":{"line":21,"column":86}},"7":{"start":{"line":22,"column":8},"end":{"line":24,"column":9}},"8":{"start":{"line":23,"column":12},"end":{"line":23,"column":null}},"9":{"start":{"line":26,"column":29},"end":{"line":26,"column":79}},"10":{"start":{"line":27,"column":33},"end":{"line":27,"column":89}},"11":{"start":{"line":28,"column":8},"end":{"line":30,"column":9}},"12":{"start":{"line":29,"column":12},"end":{"line":29,"column":null}},"13":{"start":{"line":32,"column":8},"end":{"line":34,"column":9}},"14":{"start":{"line":33,"column":12},"end":{"line":33,"column":null}},"15":{"start":{"line":36,"column":26},"end":{"line":36,"column":46}},"16":{"start":{"line":37,"column":8},"end":{"line":37,"column":37}},"17":{"start":{"line":39,"column":8},"end":{"line":39,"column":null}},"18":{"start":{"line":10,"column":13},"end":{"line":10,"column":33}},"19":{"start":{"line":10,"column":13},"end":{"line":41,"column":null}}},"fnMap":{"0":{"name":"(anonymous_11)","decl":{"start":{"line":11,"column":4},"end":{"line":11,"column":null}},"loc":{"start":{"line":17,"column":57},"end":{"line":18,"column":7}}},"1":{"name":"(anonymous_12)","decl":{"start":{"line":19,"column":10},"end":{"line":19,"column":17}},"loc":{"start":{"line":19,"column":57},"end":{"line":40,"column":null}}}},"branchMap":{"0":{"loc":{"start":{"line":22,"column":8},"end":{"line":24,"column":9}},"type":"if","locations":[{"start":{"line":22,"column":8},"end":{"line":24,"column":9}}]},"1":{"loc":{"start":{"line":28,"column":8},"end":{"line":30,"column":9}},"type":"if","locations":[{"start":{"line":28,"column":8},"end":{"line":30,"column":9}}]},"2":{"loc":{"start":{"line":32,"column":8},"end":{"line":34,"column":9}},"type":"if","locations":[{"start":{"line":32,"column":8},"end":{"line":34,"column":9}}]}},"s":{"0":2,"1":2,"2":2,"3":2,"4":2,"5":2,"6":2,"7":2,"8":1,"9":1,"10":1,"11":1,"12":0,"13":1,"14":0,"15":1,"16":1,"17":1,"18":2,"19":2},"f":{"0":2,"1":2},"b":{"0":[1],"1":[0],"2":[0]}}
,"C:\\Users\\DEV2\\Documents\\Projeto Final\\Fipe-project-backend\\src\\modules\\vehicles\\useCases\\deleteVehicle\\DeleteVehicleController.ts": {"path":"C:\\Users\\DEV2\\Documents\\Projeto Final\\Fipe-project-backend\\src\\modules\\vehicles\\useCases\\deleteVehicle\\DeleteVehicleController.ts","statementMap":{"0":{"start":{"line":2,"column":0},"end":{"line":2,"column":37}},"1":{"start":{"line":3,"column":0},"end":{"line":3,"column":62}},"2":{"start":{"line":7,"column":8},"end":{"line":15,"column":9}},"3":{"start":{"line":8,"column":26},"end":{"line":8,"column":40}},"4":{"start":{"line":9,"column":28},"end":{"line":9,"column":63}},"5":{"start":{"line":10,"column":41},"end":{"line":10,"column":80}},"6":{"start":{"line":11,"column":12},"end":{"line":11,"column":null}},"7":{"start":{"line":12,"column":12},"end":{"line":12,"column":null}},"8":{"start":{"line":14,"column":12},"end":{"line":14,"column":null}},"9":{"start":{"line":5,"column":0},"end":{"line":5,"column":13}}},"fnMap":{"0":{"name":"(anonymous_7)","decl":{"start":{"line":6,"column":10},"end":{"line":6,"column":16}},"loc":{"start":{"line":6,"column":53},"end":{"line":17,"column":null}}}},"branchMap":{"0":{"loc":{"start":{"line":9,"column":28},"end":{"line":9,"column":63}},"type":"binary-expr","locations":[{"start":{"line":9,"column":28},"end":{"line":9,"column":57}},{"start":{"line":9,"column":61},"end":{"line":9,"column":63}}]}},"s":{"0":1,"1":1,"2":2,"3":2,"4":2,"5":2,"6":2,"7":1,"8":1,"9":1},"f":{"0":2},"b":{"0":[2,0]}}
,"C:\\Users\\DEV2\\Documents\\Projeto Final\\Fipe-project-backend\\src\\modules\\vehicles\\useCases\\deleteVehicle\\DeleteVehicleUseCase.ts": {"path":"C:\\Users\\DEV2\\Documents\\Projeto Final\\Fipe-project-backend\\src\\modules\\vehicles\\useCases\\deleteVehicle\\DeleteVehicleUseCase.ts","statementMap":{"0":{"start":{"line":1,"column":0},"end":{"line":1,"column":46}},"1":{"start":{"line":2,"column":0},"end":{"line":2,"column":60}},"2":{"start":{"line":6,"column":7},"end":{"line":21,"column":null}},"3":{"start":{"line":9,"column":16},"end":{"line":9,"column":55}},"4":{"start":{"line":12,"column":31},"end":{"line":12,"column":73}},"5":{"start":{"line":13,"column":8},"end":{"line":15,"column":9}},"6":{"start":{"line":14,"column":12},"end":{"line":14,"column":null}},"7":{"start":{"line":17,"column":27},"end":{"line":17,"column":47}},"8":{"start":{"line":19,"column":7},"end":{"line":19,"column":null}},"9":{"start":{"line":6,"column":13},"end":{"line":6,"column":33}},"10":{"start":{"line":6,"column":13},"end":{"line":21,"column":null}}},"fnMap":{"0":{"name":"(anonymous_11)","decl":{"start":{"line":7,"column":4},"end":{"line":7,"column":null}},"loc":{"start":{"line":9,"column":55},"end":{"line":10,"column":7}}},"1":{"name":"(anonymous_12)","decl":{"start":{"line":11,"column":10},"end":{"line":11,"column":17}},"loc":{"start":{"line":11,"column":45},"end":{"line":20,"column":null}}}},"branchMap":{"0":{"loc":{"start":{"line":13,"column":8},"end":{"line":15,"column":9}},"type":"if","locations":[{"start":{"line":13,"column":8},"end":{"line":15,"column":9}}]}},"s":{"0":2,"1":2,"2":2,"3":2,"4":2,"5":2,"6":1,"7":1,"8":1,"9":2,"10":2},"f":{"0":2,"1":2},"b":{"0":[1]}}
,"C:\\Users\\DEV2\\Documents\\Projeto Final\\Fipe-project-backend\\src\\modules\\vehicles\\useCases\\listVehicle\\ListVehicleController.ts": {"path":"C:\\Users\\DEV2\\Documents\\Projeto Final\\Fipe-project-backend\\src\\modules\\vehicles\\useCases\\listVehicle\\ListVehicleController.ts","statementMap":{"0":{"start":{"line":2,"column":0},"end":{"line":2,"column":37}},"1":{"start":{"line":3,"column":0},"end":{"line":3,"column":58}},"2":{"start":{"line":7,"column":8},"end":{"line":13,"column":9}},"3":{"start":{"line":8,"column":39},"end":{"line":8,"column":76}},"4":{"start":{"line":9,"column":33},"end":{"line":9,"column":72}},"5":{"start":{"line":10,"column":12},"end":{"line":10,"column":null}},"6":{"start":{"line":12,"column":12},"end":{"line":12,"column":null}},"7":{"start":{"line":5,"column":0},"end":{"line":5,"column":13}}},"fnMap":{"0":{"name":"(anonymous_7)","decl":{"start":{"line":6,"column":10},"end":{"line":6,"column":16}},"loc":{"start":{"line":6,"column":53},"end":{"line":14,"column":null}}}},"branchMap":{},"s":{"0":1,"1":1,"2":2,"3":2,"4":2,"5":1,"6":1,"7":1},"f":{"0":2},"b":{}}
,"C:\\Users\\DEV2\\Documents\\Projeto Final\\Fipe-project-backend\\src\\modules\\vehicles\\useCases\\listVehicle\\ListVehicleUseCase.ts": {"path":"C:\\Users\\DEV2\\Documents\\Projeto Final\\Fipe-project-backend\\src\\modules\\vehicles\\useCases\\listVehicle\\ListVehicleUseCase.ts","statementMap":{"0":{"start":{"line":1,"column":0},"end":{"line":1,"column":46}},"1":{"start":{"line":2,"column":0},"end":{"line":2,"column":86}},"2":{"start":{"line":6,"column":7},"end":{"line":14,"column":null}},"3":{"start":{"line":9,"column":16},"end":{"line":9,"column":36}},"4":{"start":{"line":12,"column":8},"end":{"line":12,"column":75}},"5":{"start":{"line":6,"column":13},"end":{"line":6,"column":31}},"6":{"start":{"line":6,"column":13},"end":{"line":14,"column":null}}},"fnMap":{"0":{"name":"(anonymous_11)","decl":{"start":{"line":7,"column":4},"end":{"line":7,"column":null}},"loc":{"start":{"line":9,"column":54},"end":{"line":10,"column":7}}},"1":{"name":"(anonymous_12)","decl":{"start":{"line":11,"column":10},"end":{"line":11,"column":17}},"loc":{"start":{"line":11,"column":48},"end":{"line":13,"column":null}}}},"branchMap":{},"s":{"0":2,"1":2,"2":2,"3":2,"4":2,"5":2,"6":2},"f":{"0":2,"1":2},"b":{}}
,"C:\\Users\\DEV2\\Documents\\Projeto Final\\Fipe-project-backend\\src\\modules\\vehicles\\useCases\\updateVehicle\\UpdateVehicleController.ts": {"path":"C:\\Users\\DEV2\\Documents\\Projeto Final\\Fipe-project-backend\\src\\modules\\vehicles\\useCases\\updateVehicle\\UpdateVehicleController.ts","statementMap":{"0":{"start":{"line":2,"column":0},"end":{"line":2,"column":37}},"1":{"start":{"line":4,"column":0},"end":{"line":4,"column":62}},"2":{"start":{"line":8,"column":8},"end":{"line":18,"column":9}},"3":{"start":{"line":9,"column":43},"end":{"line":9,"column":55}},"4":{"start":{"line":10,"column":25},"end":{"line":10,"column":39}},"5":{"start":{"line":11,"column":28},"end":{"line":11,"column":63}},"6":{"start":{"line":12,"column":12},"end":{"line":12,"column":25}},"7":{"start":{"line":13,"column":41},"end":{"line":13,"column":80}},"8":{"start":{"line":14,"column":12},"end":{"line":14,"column":61}},"9":{"start":{"line":15,"column":12},"end":{"line":15,"column":null}},"10":{"start":{"line":17,"column":12},"end":{"line":17,"column":null}},"11":{"start":{"line":6,"column":0},"end":{"line":6,"column":13}}},"fnMap":{"0":{"name":"(anonymous_7)","decl":{"start":{"line":7,"column":10},"end":{"line":7,"column":16}},"loc":{"start":{"line":7,"column":53},"end":{"line":20,"column":null}}}},"branchMap":{"0":{"loc":{"start":{"line":11,"column":28},"end":{"line":11,"column":63}},"type":"binary-expr","locations":[{"start":{"line":11,"column":28},"end":{"line":11,"column":57}},{"start":{"line":11,"column":61},"end":{"line":11,"column":63}}]}},"s":{"0":1,"1":1,"2":2,"3":2,"4":2,"5":2,"6":2,"7":2,"8":2,"9":1,"10":1,"11":1},"f":{"0":2},"b":{"0":[2,0]}}
,"C:\\Users\\DEV2\\Documents\\Projeto Final\\Fipe-project-backend\\src\\modules\\vehicles\\useCases\\updateVehicle\\UpdateVehicleUseCase.ts": {"path":"C:\\Users\\DEV2\\Documents\\Projeto Final\\Fipe-project-backend\\src\\modules\\vehicles\\useCases\\updateVehicle\\UpdateVehicleUseCase.ts","statementMap":{"0":{"start":{"line":1,"column":0},"end":{"line":1,"column":46}},"1":{"start":{"line":2,"column":0},"end":{"line":2,"column":60}},"2":{"start":{"line":7,"column":7},"end":{"line":23,"column":null}},"3":{"start":{"line":10,"column":16},"end":{"line":10,"column":55}},"4":{"start":{"line":13,"column":30},"end":{"line":13,"column":77}},"5":{"start":{"line":14,"column":8},"end":{"line":16,"column":9}},"6":{"start":{"line":15,"column":12},"end":{"line":15,"column":51}},"7":{"start":{"line":18,"column":28},"end":{"line":18,"column":48}},"8":{"start":{"line":19,"column":8},"end":{"line":19,"column":39}},"9":{"start":{"line":21,"column":8},"end":{"line":21,"column":null}},"10":{"start":{"line":7,"column":13},"end":{"line":7,"column":33}},"11":{"start":{"line":7,"column":13},"end":{"line":23,"column":null}}},"fnMap":{"0":{"name":"(anonymous_11)","decl":{"start":{"line":8,"column":4},"end":{"line":8,"column":null}},"loc":{"start":{"line":10,"column":55},"end":{"line":11,"column":7}}},"1":{"name":"(anonymous_12)","decl":{"start":{"line":12,"column":10},"end":{"line":12,"column":17}},"loc":{"start":{"line":12,"column":57},"end":{"line":22,"column":null}}}},"branchMap":{"0":{"loc":{"start":{"line":14,"column":8},"end":{"line":16,"column":9}},"type":"if","locations":[{"start":{"line":14,"column":8},"end":{"line":16,"column":9}}]}},"s":{"0":2,"1":2,"2":2,"3":2,"4":2,"5":2,"6":1,"7":1,"8":1,"9":1,"10":2,"11":2},"f":{"0":2,"1":2},"b":{"0":[1]}}
,"C:\\Users\\DEV2\\Documents\\Projeto Final\\Fipe-project-backend\\src\\shared\\infra\\prisma\\index.ts": {"path":"C:\\Users\\DEV2\\Documents\\Projeto Final\\Fipe-project-backend\\src\\shared\\infra\\prisma\\index.ts","statementMap":{"0":{"start":{"line":1,"column":0},"end":{"line":1,"column":46}},"1":{"start":{"line":3,"column":13},"end":{"line":3,"column":41}}},"fnMap":{},"branchMap":{},"s":{"0":10,"1":10},"f":{},"b":{}}
,"C:\\Users\\DEV2\\Documents\\Projeto Final\\Fipe-project-backend\\src\\utils\\findTokenId.ts": {"path":"C:\\Users\\DEV2\\Documents\\Projeto Final\\Fipe-project-backend\\src\\utils\\findTokenId.ts","statementMap":{"0":{"start":{"line":5,"column":0},"end":{"line":5,"column":16}},"1":{"start":{"line":2,"column":0},"end":{"line":2,"column":38}},"2":{"start":{"line":3,"column":0},"end":{"line":3,"column":34}},"3":{"start":{"line":7,"column":4},"end":{"line":9,"column":5}},"4":{"start":{"line":8,"column":8},"end":{"line":8,"column":41}},"5":{"start":{"line":10,"column":23},"end":{"line":10,"column":44}},"6":{"start":{"line":12,"column":4},"end":{"line":19,"column":5}},"7":{"start":{"line":13,"column":32},"end":{"line":13,"column":81}},"8":{"start":{"line":15,"column":8},"end":{"line":15,"column":null}},"9":{"start":{"line":18,"column":8},"end":{"line":18,"column":null}}},"fnMap":{"0":{"name":"findTokenId","decl":{"start":{"line":5,"column":16},"end":{"line":5,"column":27}},"loc":{"start":{"line":5,"column":52},"end":{"line":21,"column":1}}}},"branchMap":{"0":{"loc":{"start":{"line":7,"column":4},"end":{"line":9,"column":5}},"type":"if","locations":[{"start":{"line":7,"column":4},"end":{"line":9,"column":5}}]}},"s":{"0":30,"1":30,"2":30,"3":0,"4":0,"5":0,"6":0,"7":0,"8":0,"9":0},"f":{"0":0},"b":{"0":[0]}}
}
