TN:
SF:src\config\auth.ts
FNF:0
FNH:0
DA:1,30
DA:3,30
DA:6,30
LF:3
LH:3
BRDA:7,0,0,30
BRDA:7,0,1,0
BRDA:8,1,0,30
BRDA:8,1,1,0
BRF:4
BRH:2
end_of_record
TN:
SF:src\modules\brands\infra\prisma\repositories\brandsRepository.ts
FN:9,(anonymous_7)
FN:13,(anonymous_9)
FN:20,(anonymous_11)
FN:31,(anonymous_13)
FN:37,(anonymous_15)
FN:43,(anonymous_17)
FNF:6
FNH:0
FNDA:0,(anonymous_7)
FNDA:0,(anonymous_9)
FNDA:0,(anonymous_11)
FNDA:0,(anonymous_13)
FNDA:0,(anonymous_15)
FNDA:0,(anonymous_17)
DA:1,4
DA:7,4
DA:10,0
DA:14,0
DA:15,0
DA:21,0
DA:32,0
DA:38,0
DA:44,0
LF:9
LH:2
BRF:0
BRH:0
end_of_record
TN:
SF:src\modules\brands\useCases\createBrands\CreateBrandController.ts
FN:7,(anonymous_7)
FNF:1
FNH:1
FNDA:2,(anonymous_7)
DA:3,1
DA:4,1
DA:6,1
DA:8,2
DA:9,2
DA:10,2
DA:11,2
DA:12,2
DA:13,1
DA:15,1
LF:10
LH:10
BRDA:10,0,0,2
BRDA:10,0,1,0
BRF:2
BRH:1
end_of_record
TN:
SF:src\modules\brands\useCases\createBrands\CreateBrandUseCase.ts
FN:9,(anonymous_11)
FN:13,(anonymous_12)
FNF:2
FNH:2
FNDA:2,(anonymous_11)
FNDA:2,(anonymous_12)
DA:1,2
DA:2,2
DA:5,2
DA:8,2
DA:11,2
DA:14,2
DA:15,2
DA:16,1
DA:19,1
DA:20,1
DA:22,1
LF:11
LH:11
BRDA:15,0,0,1
BRF:1
BRH:1
end_of_record
TN:
SF:src\modules\brands\useCases\deleteBrands\DeleteBrandController.ts
FN:6,(anonymous_7)
FNF:1
FNH:1
FNDA:2,(anonymous_7)
DA:2,1
DA:3,1
DA:5,1
DA:7,2
DA:8,2
DA:9,2
DA:10,2
DA:11,2
DA:12,1
DA:14,1
LF:10
LH:10
BRDA:9,0,0,2
BRDA:9,0,1,0
BRF:2
BRH:1
end_of_record
TN:
SF:src\modules\brands\useCases\deleteBrands\DeleteBrandUseCase.ts
FN:7,(anonymous_11)
FN:12,(anonymous_12)
FNF:2
FNH:2
FNDA:2,(anonymous_11)
FNDA:2,(anonymous_12)
DA:1,2
DA:3,2
DA:6,2
DA:9,2
DA:13,2
DA:14,2
DA:15,1
DA:18,1
DA:20,1
LF:9
LH:9
BRDA:14,0,0,1
BRF:1
BRH:1
end_of_record
TN:
SF:src\modules\brands\useCases\listBrands\ListBrandController.ts
FN:7,(anonymous_7)
FNF:1
FNH:1
FNDA:2,(anonymous_7)
DA:2,1
DA:3,1
DA:6,1
DA:8,2
DA:9,2
DA:10,2
DA:11,2
DA:12,1
DA:14,1
LF:9
LH:9
BRDA:9,0,0,0
BRDA:9,1,0,0
BRF:2
BRH:0
end_of_record
TN:
SF:src\modules\brands\useCases\listBrands\ListBrandsUseCase.ts
FN:8,(anonymous_11)
FN:12,(anonymous_12)
FNF:2
FNH:2
FNDA:2,(anonymous_11)
FNDA:2,(anonymous_12)
DA:1,2
DA:7,2
DA:10,2
DA:13,2
DA:14,2
LF:5
LH:5
BRF:0
BRH:0
end_of_record
TN:
SF:src\modules\brands\useCases\updateBrands\UpdateBrandController.ts
FN:8,(anonymous_7)
FNF:1
FNH:1
FNDA:2,(anonymous_7)
DA:2,1
DA:3,1
DA:7,1
DA:9,2
DA:10,2
DA:11,2
DA:12,2
DA:13,2
DA:14,2
DA:15,2
DA:16,1
DA:19,1
LF:12
LH:12
BRDA:13,0,0,2
BRDA:13,0,1,0
BRF:2
BRH:1
end_of_record
TN:
SF:src\modules\brands\useCases\updateBrands\UpdateBrandUseCase.ts
FN:8,(anonymous_11)
FN:12,(anonymous_12)
FNF:2
FNH:2
FNDA:2,(anonymous_11)
FNDA:2,(anonymous_12)
DA:1,2
DA:2,2
DA:3,2
DA:7,2
DA:10,2
DA:13,2
DA:14,2
DA:15,1
DA:18,1
DA:19,1
DA:22,1
LF:11
LH:11
BRDA:14,0,0,1
BRF:1
BRH:1
end_of_record
TN:
SF:src\modules\fuelTypes\infra\prisma\repositories\FuelTypesRepository.ts
FN:9,(anonymous_7)
FN:15,(anonymous_9)
FN:26,(anonymous_11)
FN:34,(anonymous_13)
FN:41,(anonymous_15)
FN:52,(anonymous_17)
FNF:6
FNH:0
FNDA:0,(anonymous_7)
FNDA:0,(anonymous_9)
FNDA:0,(anonymous_11)
FNDA:0,(anonymous_13)
FNDA:0,(anonymous_15)
FNDA:0,(anonymous_17)
DA:1,2
DA:8,2
DA:10,0
DA:16,0
DA:27,0
DA:28,0
DA:35,0
DA:38,0
DA:42,0
DA:49,0
DA:53,0
LF:11
LH:2
BRF:0
BRH:0
end_of_record
TN:
SF:src\modules\fuelTypes\useCases\createFuelTypes\CreateFuelTypesController.ts
FN:8,(anonymous_7)
FNF:1
FNH:1
FNDA:2,(anonymous_7)
DA:1,1
DA:4,1
DA:7,1
DA:9,2
DA:10,2
DA:11,2
DA:12,2
DA:13,2
DA:14,1
DA:16,1
LF:10
LH:10
BRDA:11,0,0,2
BRDA:11,0,1,0
BRF:2
BRH:1
end_of_record
TN:
SF:src\modules\fuelTypes\useCases\createFuelTypes\CreateFuelTypesUseCase.ts
FN:10,(anonymous_11)
FN:15,(anonymous_12)
FNF:2
FNH:2
FNDA:2,(anonymous_11)
FNDA:2,(anonymous_12)
DA:1,2
DA:6,2
DA:9,2
DA:12,2
DA:16,2
DA:18,2
DA:19,1
DA:22,1
DA:23,1
DA:25,1
LF:10
LH:10
BRDA:18,0,0,1
BRF:1
BRH:1
end_of_record
TN:
SF:src\modules\fuelTypes\useCases\deleteFuelTypes\DeleteFuelTypesController.ts
FN:6,(anonymous_7)
FNF:1
FNH:1
FNDA:2,(anonymous_7)
DA:2,1
DA:3,1
DA:5,1
DA:7,2
DA:8,2
DA:9,2
DA:10,2
DA:11,2
DA:12,1
DA:14,1
LF:10
LH:10
BRDA:9,0,0,2
BRDA:9,0,1,0
BRF:2
BRH:1
end_of_record
TN:
SF:src\modules\fuelTypes\useCases\deleteFuelTypes\DeleteFuelTypesUseCase.ts
FN:7,(anonymous_11)
FN:12,(anonymous_12)
FNF:2
FNH:2
FNDA:2,(anonymous_11)
FNDA:2,(anonymous_12)
DA:1,2
DA:3,2
DA:6,2
DA:9,2
DA:13,2
DA:14,2
DA:15,1
DA:18,1
DA:20,1
LF:9
LH:9
BRDA:14,0,0,1
BRF:1
BRH:1
end_of_record
TN:
SF:src\modules\fuelTypes\useCases\listFuelTypes\listFuelTypesController.ts
FN:8,(anonymous_7)
FNF:1
FNH:1
FNDA:2,(anonymous_7)
DA:2,1
DA:3,1
DA:7,1
DA:9,2
DA:10,2
DA:11,2
DA:12,2
DA:14,1
DA:16,1
LF:9
LH:9
BRDA:10,0,0,0
BRDA:10,1,0,0
BRF:2
BRH:0
end_of_record
TN:
SF:src\modules\fuelTypes\useCases\listFuelTypes\listFuelTypesUseCase.ts
FN:8,(anonymous_11)
FN:12,(anonymous_12)
FNF:2
FNH:2
FNDA:2,(anonymous_11)
FNDA:2,(anonymous_12)
DA:1,2
DA:7,2
DA:10,2
DA:13,2
DA:14,2
LF:5
LH:5
BRF:0
BRH:0
end_of_record
TN:
SF:src\modules\fuelTypes\useCases\updateFuelTypes\UpdateFuelTypesController.ts
FN:8,(anonymous_7)
FNF:1
FNH:1
FNDA:2,(anonymous_7)
DA:3,1
DA:4,1
DA:7,1
DA:9,2
DA:10,2
DA:11,2
DA:12,2
DA:13,2
DA:14,2
DA:15,2
DA:16,1
DA:18,1
LF:12
LH:12
BRDA:12,0,0,2
BRDA:12,0,1,0
BRF:2
BRH:1
end_of_record
TN:
SF:src\modules\fuelTypes\useCases\updateFuelTypes\UpdateFuelTypesUseCase.ts
FN:10,(anonymous_11)
FN:15,(anonymous_12)
FNF:2
FNH:2
FNDA:2,(anonymous_11)
FNDA:2,(anonymous_12)
DA:1,2
DA:2,2
DA:5,2
DA:9,2
DA:12,2
DA:16,2
DA:17,2
DA:18,1
DA:21,1
DA:22,1
DA:24,1
DA:25,1
LF:12
LH:12
BRDA:17,0,0,1
BRF:1
BRH:1
end_of_record
TN:
SF:src\modules\models\useCases\createModel\CreateModelController.ts
FN:7,(anonymous_7)
FNF:1
FNH:1
FNDA:2,(anonymous_7)
DA:3,1
DA:4,1
DA:6,1
DA:8,2
DA:9,2
DA:10,2
DA:11,2
DA:12,2
DA:13,1
DA:15,1
LF:10
LH:10
BRDA:10,0,0,2
BRDA:10,0,1,0
BRF:2
BRH:1
end_of_record
TN:
SF:src\modules\models\useCases\createModel\CreateModelUseCase.ts
FN:10,(anonymous_11)
FN:16,(anonymous_12)
FNF:2
FNH:2
FNDA:2,(anonymous_11)
FNDA:2,(anonymous_12)
DA:1,2
DA:4,2
DA:9,2
DA:12,2
DA:14,2
DA:17,2
DA:18,2
DA:19,1
DA:22,1
DA:23,1
DA:24,0
DA:27,1
DA:28,1
DA:30,1
LF:14
LH:13
BRDA:18,0,0,1
BRDA:23,1,0,0
BRF:2
BRH:1
end_of_record
TN:
SF:src\modules\models\useCases\deleteModel\DeleteModelController.ts
FN:6,(anonymous_7)
FNF:1
FNH:1
FNDA:2,(anonymous_7)
DA:2,1
DA:3,1
DA:5,1
DA:7,2
DA:8,2
DA:9,2
DA:10,2
DA:11,2
DA:12,1
DA:14,1
LF:10
LH:10
BRDA:9,0,0,2
BRDA:9,0,1,0
BRF:2
BRH:1
end_of_record
TN:
SF:src\modules\models\useCases\deleteModel\DeleteModelUseCase.ts
FN:7,(anonymous_11)
FN:11,(anonymous_12)
FNF:2
FNH:2
FNDA:2,(anonymous_11)
FNDA:2,(anonymous_12)
DA:1,2
DA:2,2
DA:6,2
DA:9,2
DA:12,2
DA:13,2
DA:14,1
DA:17,1
DA:19,1
LF:9
LH:9
BRDA:13,0,0,1
BRF:1
BRH:1
end_of_record
TN:
SF:src\modules\models\useCases\listModel\ListModelController.ts
FN:6,(anonymous_7)
FNF:1
FNH:1
FNDA:2,(anonymous_7)
DA:2,1
DA:3,1
DA:5,1
DA:7,2
DA:8,2
DA:9,2
DA:10,1
DA:12,1
LF:8
LH:8
BRF:0
BRH:0
end_of_record
TN:
SF:src\modules\models\useCases\listModel\ListModelUseCase.ts
FN:7,(anonymous_11)
FN:11,(anonymous_12)
FNF:2
FNH:2
FNDA:2,(anonymous_11)
FNDA:2,(anonymous_12)
DA:1,2
DA:6,2
DA:9,2
DA:12,2
DA:13,2
LF:5
LH:5
BRF:0
BRH:0
end_of_record
TN:
SF:src\modules\models\useCases\updateModel\UpdateModelController.ts
FN:7,(anonymous_7)
FNF:1
FNH:1
FNDA:2,(anonymous_7)
DA:2,1
DA:4,1
DA:6,1
DA:8,2
DA:9,2
DA:10,2
DA:11,2
DA:12,2
DA:13,2
DA:14,2
DA:15,1
DA:17,1
LF:12
LH:12
BRDA:12,0,0,2
BRDA:12,0,1,0
BRF:2
BRH:1
end_of_record
TN:
SF:src\modules\models\useCases\updateModel\UpdateModelUseCase.ts
FN:8,(anonymous_11)
FN:12,(anonymous_12)
FNF:2
FNH:2
FNDA:2,(anonymous_11)
FNDA:2,(anonymous_12)
DA:1,2
DA:3,2
DA:7,2
DA:10,2
DA:13,2
DA:14,2
DA:15,1
DA:17,1
DA:18,1
DA:19,1
LF:10
LH:10
BRDA:14,0,0,1
BRF:1
BRH:1
end_of_record
TN:
SF:src\modules\users\infra\prisma\repositories\UsersRepository.ts
FN:10,(anonymous_7)
FN:14,(anonymous_9)
FN:22,(anonymous_11)
FN:33,(anonymous_13)
FN:43,(anonymous_15)
FN:49,(anonymous_17)
FN:59,(anonymous_19)
FN:65,(anonymous_21)
FNF:8
FNH:0
FNDA:0,(anonymous_7)
FNDA:0,(anonymous_9)
FNDA:0,(anonymous_11)
FNDA:0,(anonymous_13)
FNDA:0,(anonymous_15)
FNDA:0,(anonymous_17)
FNDA:0,(anonymous_19)
FNDA:0,(anonymous_21)
DA:3,2
DA:8,2
DA:11,0
DA:15,0
DA:16,0
DA:23,0
DA:34,0
DA:44,0
DA:50,0
DA:60,0
DA:66,0
LF:11
LH:2
BRF:0
BRH:0
end_of_record
TN:
SF:src\modules\users\useCases\createUser.ts\CreateUserController.ts
FN:8,(anonymous_7)
FNF:1
FNH:1
FNDA:2,(anonymous_7)
DA:1,1
DA:5,1
DA:7,1
DA:9,2
DA:10,2
DA:11,2
DA:12,2
DA:13,2
DA:14,1
DA:16,1
LF:10
LH:10
BRDA:11,0,0,2
BRDA:11,0,1,0
BRF:2
BRH:1
end_of_record
TN:
SF:src\modules\users\useCases\createUser.ts\CreateUserUseCase.ts
FN:9,(anonymous_11)
FN:14,(anonymous_12)
FNF:2
FNH:2
FNDA:3,(anonymous_11)
FNDA:3,(anonymous_12)
DA:1,2
DA:4,2
DA:5,2
DA:8,2
DA:11,3
DA:15,3
DA:16,3
DA:17,1
DA:20,2
DA:22,2
DA:31,2
DA:32,2
DA:33,2
DA:36,2
LF:14
LH:14
BRDA:16,0,0,1
BRDA:31,1,0,2
BRF:2
BRH:2
end_of_record
TN:
SF:src\modules\users\useCases\deleteUsers.ts\deleteUserController.ts
FN:6,(anonymous_7)
FNF:1
FNH:1
FNDA:2,(anonymous_7)
DA:2,1
DA:3,1
DA:5,1
DA:7,2
DA:8,2
DA:9,2
DA:10,2
DA:11,2
DA:12,2
DA:13,2
DA:14,1
DA:16,1
LF:12
LH:12
BRDA:11,0,0,2
BRDA:11,0,1,0
BRF:2
BRH:1
end_of_record
TN:
SF:src\modules\users\useCases\deleteUsers.ts\deleteUserUseCase.ts
FN:7,(anonymous_11)
FN:12,(anonymous_12)
FNF:2
FNH:2
FNDA:2,(anonymous_11)
FNDA:2,(anonymous_12)
DA:1,2
DA:3,2
DA:6,2
DA:9,2
DA:13,2
DA:14,0
DA:17,2
DA:19,2
DA:20,1
DA:23,1
DA:25,1
LF:11
LH:10
BRDA:13,0,0,0
BRDA:13,1,0,2
BRDA:13,1,1,2
BRDA:19,2,0,1
BRF:4
BRH:3
end_of_record
TN:
SF:src\modules\users\useCases\listUser.ts\ListUserController.ts
FN:6,(anonymous_7)
FNF:1
FNH:1
FNDA:2,(anonymous_7)
DA:2,1
DA:3,1
DA:5,1
DA:7,2
DA:8,2
DA:9,2
DA:10,1
DA:12,1
LF:8
LH:8
BRF:0
BRH:0
end_of_record
TN:
SF:src\modules\users\useCases\listUser.ts\ListUserUseCase.ts
FN:7,(anonymous_11)
FN:11,(anonymous_12)
FNF:2
FNH:2
FNDA:2,(anonymous_11)
FNDA:2,(anonymous_12)
DA:1,2
DA:2,2
DA:6,2
DA:9,2
DA:12,2
LF:5
LH:5
BRF:0
BRH:0
end_of_record
TN:
SF:src\modules\users\useCases\updateUsers.ts\UpdateUserController.ts
FN:7,(anonymous_7)
FNF:1
FNH:1
FNDA:2,(anonymous_7)
DA:3,1
DA:4,1
DA:6,1
DA:8,2
DA:9,2
DA:10,2
DA:11,2
DA:12,2
DA:13,2
DA:14,2
DA:15,1
DA:17,1
LF:12
LH:12
BRDA:12,0,0,2
BRDA:12,0,1,0
BRF:2
BRH:1
end_of_record
TN:
SF:src\modules\users\useCases\updateUsers.ts\UpdateUserUseCase.ts
FN:9,(anonymous_11)
FN:14,(anonymous_12)
FNF:2
FNH:2
FNDA:3,(anonymous_11)
FNDA:3,(anonymous_12)
DA:1,2
DA:4,2
DA:8,2
DA:11,3
DA:15,3
DA:17,3
DA:18,1
DA:21,2
DA:22,2
DA:24,2
DA:25,1
DA:28,1
LF:12
LH:12
BRDA:17,0,0,1
BRDA:24,1,0,1
BRDA:24,2,0,2
BRDA:24,2,1,1
BRF:4
BRH:4
end_of_record
TN:
SF:src\modules\vehicles\infra\prisma\repository\VehiclesRepository.ts
FN:10,(anonymous_7)
FN:16,(anonymous_9)
FN:24,(anonymous_11)
FN:35,(anonymous_13)
FN:48,(anonymous_15)
FN:54,(anonymous_17)
FNF:6
FNH:0
FNDA:0,(anonymous_7)
FNDA:0,(anonymous_9)
FNDA:0,(anonymous_11)
FNDA:0,(anonymous_13)
FNDA:0,(anonymous_15)
FNDA:0,(anonymous_17)
DA:2,2
DA:8,2
DA:11,0
DA:17,0
DA:18,0
DA:25,0
DA:36,0
DA:49,0
DA:55,0
LF:9
LH:2
BRF:0
BRH:0
end_of_record
TN:
SF:src\modules\vehicles\useCases\createVehicle\CreateVehicleController.ts
FN:7,(anonymous_7)
FNF:1
FNH:1
FNDA:2,(anonymous_7)
DA:3,1
DA:4,1
DA:6,1
DA:8,2
DA:9,2
DA:10,2
DA:11,2
DA:12,2
DA:13,1
DA:15,1
LF:10
LH:10
BRDA:10,0,0,2
BRDA:10,0,1,0
BRF:2
BRH:1
end_of_record
TN:
SF:src\modules\vehicles\useCases\createVehicle\CreateVehicleUseCase.ts
FN:11,(anonymous_11)
FN:19,(anonymous_12)
FNF:2
FNH:2
FNDA:2,(anonymous_11)
FNDA:2,(anonymous_12)
DA:1,2
DA:2,2
DA:10,2
DA:13,2
DA:15,2
DA:17,2
DA:21,2
DA:22,2
DA:23,1
DA:26,1
DA:27,1
DA:28,1
DA:29,0
DA:32,1
DA:33,0
DA:36,1
DA:37,1
DA:39,1
LF:18
LH:16
BRDA:22,0,0,1
BRDA:28,1,0,0
BRDA:32,2,0,0
BRF:3
BRH:1
end_of_record
TN:
SF:src\modules\vehicles\useCases\deleteVehicle\DeleteVehicleController.ts
FN:6,(anonymous_7)
FNF:1
FNH:1
FNDA:2,(anonymous_7)
DA:2,1
DA:3,1
DA:5,1
DA:7,2
DA:8,2
DA:9,2
DA:10,2
DA:11,2
DA:12,1
DA:14,1
LF:10
LH:10
BRDA:9,0,0,2
BRDA:9,0,1,0
BRF:2
BRH:1
end_of_record
TN:
SF:src\modules\vehicles\useCases\deleteVehicle\DeleteVehicleUseCase.ts
FN:7,(anonymous_11)
FN:11,(anonymous_12)
FNF:2
FNH:2
FNDA:2,(anonymous_11)
FNDA:2,(anonymous_12)
DA:1,2
DA:2,2
DA:6,2
DA:9,2
DA:12,2
DA:13,2
DA:14,1
DA:17,1
DA:19,1
LF:9
LH:9
BRDA:13,0,0,1
BRF:1
BRH:1
end_of_record
TN:
SF:src\modules\vehicles\useCases\listVehicle\ListVehicleController.ts
FN:6,(anonymous_7)
FNF:1
FNH:1
FNDA:2,(anonymous_7)
DA:2,1
DA:3,1
DA:5,1
DA:7,2
DA:8,2
DA:9,2
DA:10,1
DA:12,1
LF:8
LH:8
BRF:0
BRH:0
end_of_record
TN:
SF:src\modules\vehicles\useCases\listVehicle\ListVehicleUseCase.ts
FN:7,(anonymous_11)
FN:11,(anonymous_12)
FNF:2
FNH:2
FNDA:2,(anonymous_11)
FNDA:2,(anonymous_12)
DA:1,2
DA:2,2
DA:6,2
DA:9,2
DA:12,2
LF:5
LH:5
BRF:0
BRH:0
end_of_record
TN:
SF:src\modules\vehicles\useCases\updateVehicle\UpdateVehicleController.ts
FN:7,(anonymous_7)
FNF:1
FNH:1
FNDA:2,(anonymous_7)
DA:2,1
DA:4,1
DA:6,1
DA:8,2
DA:9,2
DA:10,2
DA:11,2
DA:12,2
DA:13,2
DA:14,2
DA:15,1
DA:17,1
LF:12
LH:12
BRDA:11,0,0,2
BRDA:11,0,1,0
BRF:2
BRH:1
end_of_record
TN:
SF:src\modules\vehicles\useCases\updateVehicle\UpdateVehicleUseCase.ts
FN:8,(anonymous_11)
FN:12,(anonymous_12)
FNF:2
FNH:2
FNDA:2,(anonymous_11)
FNDA:2,(anonymous_12)
DA:1,2
DA:2,2
DA:7,2
DA:10,2
DA:13,2
DA:14,2
DA:15,1
DA:18,1
DA:19,1
DA:21,1
LF:10
LH:10
BRDA:14,0,0,1
BRF:1
BRH:1
end_of_record
TN:
SF:src\shared\infra\prisma\index.ts
FNF:0
FNH:0
DA:1,10
DA:3,10
LF:2
LH:2
BRF:0
BRH:0
end_of_record
TN:
SF:src\utils\findTokenId.ts
FN:5,findTokenId
FNF:1
FNH:0
FNDA:0,findTokenId
DA:2,30
DA:3,30
DA:5,30
DA:7,0
DA:8,0
DA:10,0
DA:12,0
DA:13,0
DA:15,0
DA:18,0
LF:10
LH:3
BRDA:7,0,0,0
BRF:1
BRH:0
end_of_record
